05/04/2013 11:00:02 : [ERROR] [SerialXbee] [StopListenSerial] Error Closing Serial Port: La référence d'objet n'est pas définie à une instance d'un objet.
05/04/2013 11:37:23 : [ERROR] [SerialXbee] [StopListenSerial] Error Closing Serial Port: La référence d'objet n'est pas définie à une instance d'un objet.
05/04/2013 11:40:41 : [ERROR] [SerialXbee] [StopListenSerial] Error Closing Serial Port: La référence d'objet n'est pas définie à une instance d'un objet.
05/04/2013 11:40:58 : [DEBUG] [SerialXbee] [StartListenSerial] Openning Serial Port
05/04/2013 11:40:58 : [DEBUG] [SerialXbee] [StartListenSerial] Starting Sending thread
05/04/2013 11:41:00 : [DEBUG] [messageBuilder] [createMessage] (Source :0, Destination :0, Numéro :0, Longeur :4, crc :0809 , 
data :	 ,52	 ,01	 ,50	 ,50)
05/04/2013 11:41:32 : [DEBUG] [messageBuilder] [createMessage] (Source :0, Destination :0, Numéro :1, Longeur :3, crc :BFF3 , 
data :	 ,51	 ,01	 ,5A)
05/04/2013 11:41:33 : [DEBUG] [messageBuilder] [createMessage] (Source :0, Destination :0, Numéro :2, Longeur :4, crc :F81D , 
data :	 ,52	 ,00	 ,50	 ,50)
05/04/2013 11:41:33 : [DEBUG] [messageBuilder] [createMessage] (Source :0, Destination :0, Numéro :3, Longeur :3, crc :B903 , 
data :	 ,51	 ,00	 ,5A)
05/04/2013 11:41:34 : [DEBUG] [messageBuilder] [createMessage] (Source :0, Destination :0, Numéro :4, Longeur :1, crc :871F , 
data :	 ,62)
05/04/2013 11:41:34 : [DEBUG] [messageBuilder] [createMessage] (Source :0, Destination :0, Numéro :5, Longeur :1, crc :0702 , 
data :	 ,61)
05/04/2013 11:41:38 : [DEBUG] [messageBuilder] [createMessage] (Source :0, Destination :0, Numéro :6, Longeur :4, crc :980C , 
data :	 ,52	 ,01	 ,50	 ,50)
05/04/2013 11:41:39 : [DEBUG] [messageBuilder] [createMessage] (Source :0, Destination :0, Numéro :7, Longeur :3, crc :BEE3 , 
data :	 ,51	 ,01	 ,5A)
05/04/2013 11:41:40 : [DEBUG] [messageBuilder] [createMessage] (Source :0, Destination :0, Numéro :8, Longeur :4, crc :C817 , 
data :	 ,52	 ,00	 ,50	 ,50)
05/04/2013 11:42:34 : [DEBUG] [SerialXbee] [StopListenSerial] Ending Sending thread
05/04/2013 11:42:34 : [ERROR] [SerialXbee] [StopListenSerial] Error Closing Serial Port: La référence d'objet n'est pas définie à une instance d'un objet.
05/04/2013 11:46:42 : [DEBUG] [SerialXbee] [StartListenSerial] Openning Serial Port
05/04/2013 11:46:42 : [DEBUG] [SerialXbee] [StartListenSerial] Starting Sending thread
05/04/2013 11:46:45 : [DEBUG] [messageBuilder] [createMessage] (Source :0, Destination :0, Numéro :0, Longeur :4, crc :0809 , 
data :	 ,52	 ,01	 ,50	 ,50)
05/04/2013 11:46:47 : [DEBUG] [messageBuilder] [createMessage] (Source :0, Destination :0, Numéro :1, Longeur :3, crc :BFF3 , 
data :	 ,51	 ,01	 ,5A)
05/04/2013 11:46:49 : [DEBUG] [messageBuilder] [createMessage] (Source :0, Destination :0, Numéro :2, Longeur :3, crc :3978 , 
data :	 ,51	 ,00	 ,5A)
05/04/2013 11:46:50 : [DEBUG] [messageBuilder] [createMessage] (Source :0, Destination :0, Numéro :3, Longeur :4, crc :001E , 
data :	 ,52	 ,00	 ,50	 ,50)
05/04/2013 11:46:53 : [DEBUG] [messageBuilder] [createMessage] (Source :0, Destination :0, Numéro :4, Longeur :3, crc :BE6B , 
data :	 ,51	 ,01	 ,5A)
05/04/2013 11:48:12 : [DEBUG] [SerialXbee] [StopListenSerial] Ending Sending thread
05/04/2013 11:48:12 : [DEBUG] [SerialXbee] [StopListenSerial] Closing Serial Port
05/04/2013 11:54:09 : [DEBUG] [SerialXbee] [StartListenSerial] Openning Serial Port
05/04/2013 11:54:09 : [DEBUG] [SerialXbee] [StartListenSerial] Starting Sending thread
05/04/2013 11:54:10 : [DEBUG] [messageBuilder] [createMessage] (Source :0, Destination :0, Numéro :5, Longeur :4, crc :100C , 
data :	 ,52	 ,01	 ,50	 ,50)
05/04/2013 11:54:15 : [DEBUG] [messageBuilder] [createMessage] (Source :0, Destination :0, Numéro :6, Longeur :3, crc :3E98 , 
data :	 ,51	 ,01	 ,5A)
05/04/2013 11:54:16 : [DEBUG] [messageBuilder] [createMessage] (Source :0, Destination :0, Numéro :7, Longeur :3, crc :BEE3 , 
data :	 ,51	 ,01	 ,5A)
05/04/2013 11:54:19 : [DEBUG] [messageBuilder] [createMessage] (Source :0, Destination :0, Numéro :8, Longeur :3, crc :BC4B , 
data :	 ,51	 ,01	 ,5A)
05/04/2013 11:54:20 : [DEBUG] [messageBuilder] [createMessage] (Source :0, Destination :0, Numéro :9, Longeur :4, crc :B003 , 
data :	 ,52	 ,01	 ,50	 ,50)
05/04/2013 11:54:20 : [DEBUG] [messageBuilder] [createMessage] (Source :0, Destination :0, Numéro :10, Longeur :4, crc :B814 , 
data :	 ,52	 ,00	 ,50	 ,50)
05/04/2013 11:54:21 : [DEBUG] [messageBuilder] [createMessage] (Source :0, Destination :0, Numéro :11, Longeur :3, crc :3AC0 , 
data :	 ,51	 ,00	 ,5A)
05/04/2013 11:54:24 : [DEBUG] [messageBuilder] [createMessage] (Source :0, Destination :0, Numéro :12, Longeur :4, crc :A806 , 
data :	 ,52	 ,01	 ,50	 ,50)
05/04/2013 11:54:25 : [DEBUG] [messageBuilder] [createMessage] (Source :0, Destination :0, Numéro :13, Longeur :3, crc :BDD3 , 
data :	 ,51	 ,01	 ,5A)
05/04/2013 11:54:26 : [DEBUG] [messageBuilder] [createMessage] (Source :0, Destination :0, Numéro :14, Longeur :3, crc :3B58 , 
data :	 ,51	 ,00	 ,5A)
05/04/2013 11:54:27 : [DEBUG] [messageBuilder] [createMessage] (Source :0, Destination :0, Numéro :15, Longeur :4, crc :A011 , 
data :	 ,52	 ,00	 ,50	 ,50)
05/04/2013 11:54:28 : [DEBUG] [messageBuilder] [createMessage] (Source :0, Destination :0, Numéro :16, Longeur :4, crc :080C , 
data :	 ,52	 ,00	 ,50	 ,50)
05/04/2013 11:54:28 : [DEBUG] [messageBuilder] [createMessage] (Source :0, Destination :0, Numéro :17, Longeur :4, crc :F00F , 
data :	 ,52	 ,00	 ,50	 ,50)
05/04/2013 11:54:29 : [DEBUG] [messageBuilder] [createMessage] (Source :0, Destination :0, Numéro :18, Longeur :4, crc :780F , 
data :	 ,52	 ,00	 ,50	 ,50)
05/04/2013 11:54:30 : [DEBUG] [messageBuilder] [createMessage] (Source :0, Destination :0, Numéro :19, Longeur :4, crc :800C , 
data :	 ,52	 ,00	 ,50	 ,50)
05/04/2013 11:54:30 : [DEBUG] [messageBuilder] [createMessage] (Source :0, Destination :0, Numéro :20, Longeur :4, crc :E80A , 
data :	 ,52	 ,00	 ,50	 ,50)
05/04/2013 11:54:31 : [DEBUG] [messageBuilder] [createMessage] (Source :0, Destination :0, Numéro :21, Longeur :4, crc :1009 , 
data :	 ,52	 ,00	 ,50	 ,50)
05/04/2013 11:54:31 : [DEBUG] [messageBuilder] [createMessage] (Source :0, Destination :0, Numéro :22, Longeur :4, crc :9809 , 
data :	 ,52	 ,00	 ,50	 ,50)
05/04/2013 11:54:31 : [DEBUG] [messageBuilder] [createMessage] (Source :0, Destination :0, Numéro :23, Longeur :4, crc :600A , 
data :	 ,52	 ,00	 ,50	 ,50)
05/04/2013 11:54:32 : [DEBUG] [messageBuilder] [createMessage] (Source :0, Destination :0, Numéro :24, Longeur :4, crc :4805 , 
data :	 ,52	 ,00	 ,50	 ,50)
05/04/2013 11:54:32 : [DEBUG] [messageBuilder] [createMessage] (Source :0, Destination :0, Numéro :25, Longeur :4, crc :B006 , 
data :	 ,52	 ,00	 ,50	 ,50)
05/04/2013 11:54:32 : [DEBUG] [messageBuilder] [createMessage] (Source :0, Destination :0, Numéro :26, Longeur :4, crc :3806 , 
data :	 ,52	 ,00	 ,50	 ,50)
05/04/2013 11:54:32 : [DEBUG] [messageBuilder] [createMessage] (Source :0, Destination :0, Numéro :27, Longeur :4, crc :C005 , 
data :	 ,52	 ,00	 ,50	 ,50)
05/04/2013 11:54:32 : [DEBUG] [messageBuilder] [createMessage] (Source :0, Destination :0, Numéro :28, Longeur :4, crc :A803 , 
data :	 ,52	 ,00	 ,50	 ,50)
05/04/2013 11:54:33 : [DEBUG] [messageBuilder] [createMessage] (Source :0, Destination :0, Numéro :29, Longeur :4, crc :5000 , 
data :	 ,52	 ,00	 ,50	 ,50)
05/04/2013 11:54:33 : [DEBUG] [messageBuilder] [createMessage] (Source :0, Destination :0, Numéro :30, Longeur :4, crc :D800 , 
data :	 ,52	 ,00	 ,50	 ,50)
05/04/2013 11:54:33 : [DEBUG] [messageBuilder] [createMessage] (Source :0, Destination :0, Numéro :31, Longeur :4, crc :2003 , 
data :	 ,52	 ,00	 ,50	 ,50)
05/04/2013 11:54:33 : [DEBUG] [messageBuilder] [createMessage] (Source :0, Destination :0, Numéro :32, Longeur :4, crc :083F , 
data :	 ,52	 ,00	 ,50	 ,50)
05/04/2013 11:54:33 : [DEBUG] [messageBuilder] [createMessage] (Source :0, Destination :0, Numéro :33, Longeur :4, crc :F03C , 
data :	 ,52	 ,00	 ,50	 ,50)
05/04/2013 11:54:33 : [DEBUG] [messageBuilder] [createMessage] (Source :0, Destination :0, Numéro :34, Longeur :4, crc :783C , 
data :	 ,52	 ,00	 ,50	 ,50)
05/04/2013 11:54:33 : [DEBUG] [messageBuilder] [createMessage] (Source :0, Destination :0, Numéro :35, Longeur :4, crc :803F , 
data :	 ,52	 ,00	 ,50	 ,50)
05/04/2013 11:54:34 : [DEBUG] [messageBuilder] [createMessage] (Source :0, Destination :0, Numéro :36, Longeur :1, crc :059C , 
data :	 ,62)
05/04/2013 11:54:35 : [DEBUG] [messageBuilder] [createMessage] (Source :0, Destination :0, Numéro :37, Longeur :1, crc :858B , 
data :	 ,62)
05/04/2013 11:54:35 : [DEBUG] [messageBuilder] [createMessage] (Source :0, Destination :0, Numéro :38, Longeur :1, crc :85B7 , 
data :	 ,62)
05/04/2013 11:54:41 : [DEBUG] [messageBuilder] [createMessage] (Source :0, Destination :0, Numéro :39, Longeur :1, crc :05A0 , 
data :	 ,62)
05/04/2013 11:54:41 : [DEBUG] [messageBuilder] [createMessage] (Source :0, Destination :0, Numéro :40, Longeur :1, crc :056C , 
data :	 ,62)
05/04/2013 11:54:41 : [DEBUG] [messageBuilder] [createMessage] (Source :0, Destination :0, Numéro :41, Longeur :1, crc :857B , 
data :	 ,62)
05/04/2013 11:54:42 : [DEBUG] [messageBuilder] [createMessage] (Source :0, Destination :0, Numéro :42, Longeur :1, crc :8547 , 
data :	 ,62)
05/04/2013 11:54:42 : [DEBUG] [messageBuilder] [createMessage] (Source :0, Destination :0, Numéro :43, Longeur :1, crc :0550 , 
data :	 ,62)
05/04/2013 11:54:43 : [DEBUG] [messageBuilder] [createMessage] (Source :0, Destination :0, Numéro :44, Longeur :1, crc :853F , 
data :	 ,62)
05/04/2013 11:54:43 : [DEBUG] [messageBuilder] [createMessage] (Source :0, Destination :0, Numéro :45, Longeur :1, crc :0528 , 
data :	 ,62)
05/04/2013 11:54:43 : [DEBUG] [messageBuilder] [createMessage] (Source :0, Destination :0, Numéro :46, Longeur :1, crc :0514 , 
data :	 ,62)
05/04/2013 11:54:44 : [DEBUG] [messageBuilder] [createMessage] (Source :0, Destination :0, Numéro :47, Longeur :1, crc :8503 , 
data :	 ,62)
05/04/2013 11:54:44 : [DEBUG] [messageBuilder] [createMessage] (Source :0, Destination :0, Numéro :48, Longeur :1, crc :048C , 
data :	 ,62)
05/04/2013 11:54:44 : [DEBUG] [messageBuilder] [createMessage] (Source :0, Destination :0, Numéro :49, Longeur :1, crc :849B , 
data :	 ,62)
05/04/2013 11:54:45 : [DEBUG] [messageBuilder] [createMessage] (Source :0, Destination :0, Numéro :50, Longeur :1, crc :84A7 , 
data :	 ,62)
05/04/2013 11:54:45 : [DEBUG] [messageBuilder] [createMessage] (Source :0, Destination :0, Numéro :51, Longeur :1, crc :04B0 , 
data :	 ,62)
05/04/2013 11:54:45 : [DEBUG] [messageBuilder] [createMessage] (Source :0, Destination :0, Numéro :52, Longeur :1, crc :84DF , 
data :	 ,62)
05/04/2013 11:54:45 : [DEBUG] [messageBuilder] [createMessage] (Source :0, Destination :0, Numéro :53, Longeur :1, crc :04C8 , 
data :	 ,62)
05/04/2013 11:54:46 : [DEBUG] [messageBuilder] [createMessage] (Source :0, Destination :0, Numéro :54, Longeur :1, crc :04F4 , 
data :	 ,62)
05/04/2013 11:54:46 : [DEBUG] [messageBuilder] [createMessage] (Source :0, Destination :0, Numéro :55, Longeur :1, crc :84E3 , 
data :	 ,62)
05/04/2013 11:54:46 : [DEBUG] [messageBuilder] [createMessage] (Source :0, Destination :0, Numéro :56, Longeur :1, crc :842F , 
data :	 ,62)
05/04/2013 11:54:46 : [DEBUG] [messageBuilder] [createMessage] (Source :0, Destination :0, Numéro :57, Longeur :1, crc :0438 , 
data :	 ,62)
05/04/2013 11:54:47 : [DEBUG] [messageBuilder] [createMessage] (Source :0, Destination :0, Numéro :58, Longeur :1, crc :0404 , 
data :	 ,62)
05/04/2013 11:54:47 : [DEBUG] [messageBuilder] [createMessage] (Source :0, Destination :0, Numéro :59, Longeur :1, crc :8413 , 
data :	 ,62)
05/04/2013 11:54:47 : [DEBUG] [messageBuilder] [createMessage] (Source :0, Destination :0, Numéro :60, Longeur :1, crc :047C , 
data :	 ,62)
05/04/2013 11:54:47 : [DEBUG] [messageBuilder] [createMessage] (Source :0, Destination :0, Numéro :61, Longeur :1, crc :846B , 
data :	 ,62)
05/04/2013 11:54:47 : [DEBUG] [messageBuilder] [createMessage] (Source :0, Destination :0, Numéro :62, Longeur :1, crc :8457 , 
data :	 ,62)
05/04/2013 11:54:48 : [DEBUG] [messageBuilder] [createMessage] (Source :0, Destination :0, Numéro :63, Longeur :1, crc :0440 , 
data :	 ,62)
05/04/2013 11:54:48 : [DEBUG] [messageBuilder] [createMessage] (Source :0, Destination :0, Numéro :64, Longeur :1, crc :824F , 
data :	 ,62)
05/04/2013 11:54:48 : [DEBUG] [messageBuilder] [createMessage] (Source :0, Destination :0, Numéro :65, Longeur :1, crc :0258 , 
data :	 ,62)
05/04/2013 11:54:48 : [DEBUG] [messageBuilder] [createMessage] (Source :0, Destination :0, Numéro :66, Longeur :1, crc :0264 , 
data :	 ,62)
05/04/2013 11:54:48 : [DEBUG] [messageBuilder] [createMessage] (Source :0, Destination :0, Numéro :67, Longeur :1, crc :8273 , 
data :	 ,62)
05/04/2013 11:54:48 : [DEBUG] [messageBuilder] [createMessage] (Source :0, Destination :0, Numéro :68, Longeur :1, crc :021C , 
data :	 ,62)
05/04/2013 11:54:48 : [DEBUG] [messageBuilder] [createMessage] (Source :0, Destination :0, Numéro :69, Longeur :1, crc :820B , 
data :	 ,62)
05/04/2013 11:56:40 : [DEBUG] [SerialXbee] [StartListenSerial] Openning Serial Port
05/04/2013 11:56:40 : [DEBUG] [SerialXbee] [StartListenSerial] Starting Sending thread
05/04/2013 11:56:42 : [DEBUG] [messageBuilder] [createMessage] (Source :0, Destination :0, Numéro :0, Longeur :3, crc :3F88 , 
data :	 ,51	 ,01	 ,5A)
05/04/2013 11:56:42 : [DEBUG] [Protocol] [SendTrame] System.Byte[]
05/04/2013 11:56:55 : [DEBUG] [messageBuilder] [createMessage] (Source :0, Destination :0, Numéro :1, Longeur :4, crc :F00A , 
data :	 ,52	 ,01	 ,50	 ,50)
05/04/2013 11:56:56 : [DEBUG] [Protocol] [SendTrame] System.Byte[]
05/04/2013 11:56:56 : [DEBUG] [messageBuilder] [createMessage] (Source :0, Destination :0, Numéro :2, Longeur :4, crc :F81D , 
data :	 ,52	 ,00	 ,50	 ,50)
05/04/2013 11:56:56 : [DEBUG] [Protocol] [SendTrame] System.Byte[]
05/04/2013 11:56:56 : [DEBUG] [messageBuilder] [createMessage] (Source :0, Destination :0, Numéro :3, Longeur :3, crc :3F00 , 
data :	 ,51	 ,01	 ,5A)
05/04/2013 11:56:57 : [DEBUG] [Protocol] [SendTrame] System.Byte[]
05/04/2013 11:56:57 : [DEBUG] [messageBuilder] [createMessage] (Source :0, Destination :0, Numéro :4, Longeur :3, crc :3868 , 
data :	 ,51	 ,00	 ,5A)
05/04/2013 11:56:57 : [DEBUG] [Protocol] [SendTrame] System.Byte[]
05/04/2013 11:57:49 : [DEBUG] [SerialXbee] [StartListenSerial] Openning Serial Port
05/04/2013 11:57:49 : [DEBUG] [SerialXbee] [StartListenSerial] Starting Sending thread
05/04/2013 11:57:50 : [DEBUG] [messageBuilder] [createMessage] (Source :0, Destination :0, Numéro :0, Longeur :4, crc :0809 , 
data :	 ,52	 ,01	 ,50	 ,50)
05/04/2013 11:59:00 : [DEBUG] [SerialXbee] [StartListenSerial] Openning Serial Port
05/04/2013 11:59:00 : [DEBUG] [SerialXbee] [StartListenSerial] Starting Sending thread
05/04/2013 11:59:01 : [DEBUG] [messageBuilder] [createMessage] (Source :0, Destination :0, Numéro :0, Longeur :4, crc :0809 , 
data :	 ,52	 ,01	 ,50	 ,50)
05/04/2013 11:59:05 : [DEBUG] [Protocol] [SendTrame] System.Byte[]
05/04/2013 11:59:50 : [DEBUG] [messageBuilder] [createMessage] (Source :0, Destination :0, Numéro :1, Longeur :3, crc :BFF3 , 
data :	 ,51	 ,01	 ,5A)
05/04/2013 11:59:50 : [DEBUG] [Protocol] [SendTrame] System.Byte[]
05/04/2013 11:59:50 : [DEBUG] [messageBuilder] [createMessage] (Source :0, Destination :0, Numéro :2, Longeur :3, crc :3978 , 
data :	 ,51	 ,00	 ,5A)
05/04/2013 11:59:51 : [DEBUG] [Protocol] [SendTrame] System.Byte[]
05/04/2013 11:59:51 : [DEBUG] [messageBuilder] [createMessage] (Source :0, Destination :0, Numéro :3, Longeur :4, crc :001E , 
data :	 ,52	 ,00	 ,50	 ,50)
05/04/2013 11:59:51 : [DEBUG] [Protocol] [SendTrame] System.Byte[]
05/04/2013 11:59:51 : [DEBUG] [messageBuilder] [createMessage] (Source :0, Destination :0, Numéro :4, Longeur :4, crc :E80F , 
data :	 ,52	 ,01	 ,50	 ,50)
05/04/2013 11:59:51 : [DEBUG] [Protocol] [SendTrame] System.Byte[]
05/04/2013 11:59:51 : [DEBUG] [messageBuilder] [createMessage] (Source :0, Destination :0, Numéro :5, Longeur :3, crc :3E10 , 
data :	 ,51	 ,01	 ,5A)
05/04/2013 11:59:52 : [DEBUG] [Protocol] [SendTrame] System.Byte[]
05/04/2013 11:59:52 : [DEBUG] [messageBuilder] [createMessage] (Source :0, Destination :0, Numéro :6, Longeur :1, crc :0734 , 
data :	 ,62)
05/04/2013 11:59:52 : [DEBUG] [Protocol] [SendTrame] System.Byte[]
05/04/2013 11:59:52 : [DEBUG] [messageBuilder] [createMessage] (Source :0, Destination :0, Numéro :7, Longeur :1, crc :8729 , 
data :	 ,61)
05/04/2013 11:59:52 : [DEBUG] [Protocol] [SendTrame] System.Byte[]
05/04/2013 11:59:54 : [DEBUG] [messageBuilder] [createMessage] (Source :0, Destination :0, Numéro :8, Longeur :1, crc :87E5 , 
data :	 ,61)
05/04/2013 11:59:54 : [DEBUG] [Protocol] [SendTrame] System.Byte[]
05/04/2013 11:59:55 : [DEBUG] [messageBuilder] [createMessage] (Source :0, Destination :0, Numéro :9, Longeur :1, crc :07F2 , 
data :	 ,61)
05/04/2013 11:59:55 : [DEBUG] [Protocol] [SendTrame] System.Byte[]
05/04/2013 11:59:55 : [DEBUG] [messageBuilder] [createMessage] (Source :0, Destination :0, Numéro :10, Longeur :1, crc :07CE , 
data :	 ,61)
05/04/2013 11:59:55 : [DEBUG] [messageBuilder] [createMessage] (Source :0, Destination :0, Numéro :11, Longeur :1, crc :87D9 , 
data :	 ,61)
05/04/2013 11:59:55 : [DEBUG] [messageBuilder] [createMessage] (Source :0, Destination :0, Numéro :12, Longeur :1, crc :07B6 , 
data :	 ,61)
05/04/2013 11:59:55 : [DEBUG] [Protocol] [SendTrame] System.Byte[]
05/04/2013 11:59:55 : [DEBUG] [Protocol] [SendTrame] System.Byte[]
05/04/2013 11:59:55 : [DEBUG] [messageBuilder] [createMessage] (Source :0, Destination :0, Numéro :13, Longeur :1, crc :87A1 , 
data :	 ,61)
05/04/2013 11:59:55 : [DEBUG] [Protocol] [SendTrame] System.Byte[]
05/04/2013 11:59:55 : [DEBUG] [messageBuilder] [createMessage] (Source :0, Destination :0, Numéro :14, Longeur :1, crc :879D , 
data :	 ,61)
05/04/2013 11:59:55 : [DEBUG] [messageBuilder] [createMessage] (Source :0, Destination :0, Numéro :15, Longeur :1, crc :078A , 
data :	 ,61)
05/04/2013 11:59:55 : [DEBUG] [Protocol] [SendTrame] System.Byte[]
05/04/2013 11:59:56 : [DEBUG] [messageBuilder] [createMessage] (Source :0, Destination :0, Numéro :16, Longeur :1, crc :8605 , 
data :	 ,61)
05/04/2013 11:59:56 : [DEBUG] [Protocol] [SendTrame] System.Byte[]
05/04/2013 11:59:56 : [DEBUG] [Protocol] [SendTrame] System.Byte[]
05/04/2013 11:59:56 : [DEBUG] [messageBuilder] [createMessage] (Source :0, Destination :0, Numéro :17, Longeur :1, crc :0612 , 
data :	 ,61)
05/04/2013 11:59:56 : [DEBUG] [Protocol] [SendTrame] System.Byte[]
05/04/2013 11:59:56 : [DEBUG] [messageBuilder] [createMessage] (Source :0, Destination :0, Numéro :18, Longeur :1, crc :062E , 
data :	 ,61)
05/04/2013 11:59:56 : [DEBUG] [messageBuilder] [createMessage] (Source :0, Destination :0, Numéro :19, Longeur :1, crc :8639 , 
data :	 ,61)
05/04/2013 11:59:56 : [DEBUG] [Protocol] [SendTrame] System.Byte[]
05/04/2013 11:59:56 : [DEBUG] [Protocol] [SendTrame] System.Byte[]
05/04/2013 11:59:56 : [DEBUG] [messageBuilder] [createMessage] (Source :0, Destination :0, Numéro :20, Longeur :1, crc :0656 , 
data :	 ,61)
05/04/2013 11:59:56 : [DEBUG] [Protocol] [SendTrame] System.Byte[]
05/04/2013 11:59:58 : [DEBUG] [messageBuilder] [createMessage] (Source :0, Destination :0, Numéro :21, Longeur :1, crc :8641 , 
data :	 ,61)
05/04/2013 11:59:58 : [DEBUG] [messageBuilder] [createMessage] (Source :0, Destination :0, Numéro :22, Longeur :1, crc :867D , 
data :	 ,61)
05/04/2013 11:59:58 : [DEBUG] [Protocol] [SendTrame] System.Byte[]
05/04/2013 11:59:59 : [DEBUG] [messageBuilder] [createMessage] (Source :0, Destination :0, Numéro :23, Longeur :1, crc :066A , 
data :	 ,61)
05/04/2013 11:59:59 : [DEBUG] [Protocol] [SendTrame] System.Byte[]
05/04/2013 11:59:59 : [DEBUG] [Protocol] [SendTrame] System.Byte[]
05/04/2013 11:59:59 : [DEBUG] [messageBuilder] [createMessage] (Source :0, Destination :0, Numéro :24, Longeur :1, crc :06A6 , 
data :	 ,61)
05/04/2013 11:59:59 : [DEBUG] [messageBuilder] [createMessage] (Source :0, Destination :0, Numéro :25, Longeur :1, crc :86B1 , 
data :	 ,61)
05/04/2013 11:59:59 : [DEBUG] [Protocol] [SendTrame] System.Byte[]
05/04/2013 11:59:59 : [DEBUG] [messageBuilder] [createMessage] (Source :0, Destination :0, Numéro :26, Longeur :1, crc :868D , 
data :	 ,61)
05/04/2013 11:59:59 : [DEBUG] [Protocol] [SendTrame] System.Byte[]
05/04/2013 11:59:59 : [DEBUG] [Protocol] [SendTrame] System.Byte[]
05/04/2013 11:59:59 : [DEBUG] [messageBuilder] [createMessage] (Source :0, Destination :0, Numéro :27, Longeur :1, crc :069A , 
data :	 ,61)
05/04/2013 11:59:59 : [DEBUG] [Protocol] [SendTrame] System.Byte[]
05/04/2013 11:59:59 : [DEBUG] [messageBuilder] [createMessage] (Source :0, Destination :0, Numéro :28, Longeur :1, crc :86F5 , 
data :	 ,61)
05/04/2013 11:59:59 : [DEBUG] [messageBuilder] [createMessage] (Source :0, Destination :0, Numéro :29, Longeur :1, crc :06E2 , 
data :	 ,61)
05/04/2013 11:59:59 : [DEBUG] [Protocol] [SendTrame] System.Byte[]
05/04/2013 12:00:00 : [DEBUG] [Protocol] [SendTrame] System.Byte[]
05/04/2013 12:00:00 : [DEBUG] [messageBuilder] [createMessage] (Source :0, Destination :0, Numéro :30, Longeur :1, crc :06DE , 
data :	 ,61)
05/04/2013 12:00:00 : [DEBUG] [Protocol] [SendTrame] System.Byte[]
05/04/2013 12:00:00 : [DEBUG] [messageBuilder] [createMessage] (Source :0, Destination :0, Numéro :31, Longeur :1, crc :86C9 , 
data :	 ,61)
05/04/2013 12:00:00 : [DEBUG] [messageBuilder] [createMessage] (Source :0, Destination :0, Numéro :32, Longeur :1, crc :85C5 , 
data :	 ,61)
05/04/2013 12:00:00 : [DEBUG] [Protocol] [SendTrame] System.Byte[]
05/04/2013 12:00:00 : [DEBUG] [Protocol] [SendTrame] System.Byte[]
05/04/2013 12:00:00 : [DEBUG] [messageBuilder] [createMessage] (Source :0, Destination :0, Numéro :33, Longeur :1, crc :05D2 , 
data :	 ,61)
05/04/2013 12:00:00 : [DEBUG] [messageBuilder] [createMessage] (Source :0, Destination :0, Numéro :34, Longeur :1, crc :05EE , 
data :	 ,61)
05/04/2013 12:00:00 : [DEBUG] [messageBuilder] [createMessage] (Source :0, Destination :0, Numéro :35, Longeur :1, crc :85F9 , 
data :	 ,61)
05/04/2013 12:00:00 : [DEBUG] [Protocol] [SendTrame] System.Byte[]
05/04/2013 12:00:00 : [DEBUG] [Protocol] [SendTrame] System.Byte[]
05/04/2013 12:00:00 : [DEBUG] [messageBuilder] [createMessage] (Source :0, Destination :0, Numéro :36, Longeur :1, crc :0596 , 
data :	 ,61)
05/04/2013 12:00:00 : [DEBUG] [Protocol] [SendTrame] System.Byte[]
05/04/2013 12:00:01 : [DEBUG] [messageBuilder] [createMessage] (Source :0, Destination :0, Numéro :37, Longeur :1, crc :8581 , 
data :	 ,61)
05/04/2013 12:00:01 : [DEBUG] [messageBuilder] [createMessage] (Source :0, Destination :0, Numéro :38, Longeur :1, crc :85BD , 
data :	 ,61)
05/04/2013 12:00:01 : [DEBUG] [Protocol] [SendTrame] System.Byte[]
05/04/2013 12:00:01 : [DEBUG] [messageBuilder] [createMessage] (Source :0, Destination :0, Numéro :39, Longeur :1, crc :05AA , 
data :	 ,61)
05/04/2013 12:00:01 : [DEBUG] [messageBuilder] [createMessage] (Source :0, Destination :0, Numéro :40, Longeur :1, crc :0566 , 
data :	 ,61)
05/04/2013 12:00:01 : [DEBUG] [Protocol] [SendTrame] System.Byte[]
05/04/2013 12:00:01 : [DEBUG] [Protocol] [SendTrame] System.Byte[]
05/04/2013 12:00:01 : [DEBUG] [messageBuilder] [createMessage] (Source :0, Destination :0, Numéro :41, Longeur :1, crc :8571 , 
data :	 ,61)
05/04/2013 12:00:01 : [DEBUG] [Protocol] [SendTrame] System.Byte[]
05/04/2013 12:00:01 : [DEBUG] [messageBuilder] [createMessage] (Source :0, Destination :0, Numéro :42, Longeur :1, crc :854D , 
data :	 ,61)
05/04/2013 12:00:01 : [DEBUG] [Protocol] [SendTrame] System.Byte[]
05/04/2013 12:00:02 : [DEBUG] [Protocol] [SendTrame] System.Byte[]
05/04/2013 12:00:02 : [DEBUG] [messageBuilder] [createMessage] (Source :0, Destination :0, Numéro :44, Longeur :1, crc :8535 , 
data :	 ,61)
05/04/2013 12:00:02 : [DEBUG] [Protocol] [SendTrame] System.Byte[]
05/04/2013 12:00:02 : [DEBUG] [messageBuilder] [createMessage] (Source :0, Destination :0, Numéro :45, Longeur :1, crc :0522 , 
data :	 ,61)
05/04/2013 12:00:02 : [DEBUG] [Protocol] [SendTrame] System.Byte[]
05/04/2013 12:00:02 : [DEBUG] [messageBuilder] [createMessage] (Source :0, Destination :0, Numéro :46, Longeur :1, crc :051E , 
data :	 ,61)
05/04/2013 12:00:02 : [DEBUG] [messageBuilder] [createMessage] (Source :0, Destination :0, Numéro :47, Longeur :1, crc :8509 , 
data :	 ,61)
05/04/2013 12:00:02 : [DEBUG] [Protocol] [SendTrame] System.Byte[]
05/04/2013 12:00:04 : [DEBUG] [messageBuilder] [createMessage] (Source :0, Destination :0, Numéro :48, Longeur :3, crc :B10B , 
data :	 ,51	 ,00	 ,5A)
05/04/2013 12:00:04 : [DEBUG] [Protocol] [SendTrame] System.Byte[]
05/04/2013 12:00:04 : [DEBUG] [messageBuilder] [createMessage] (Source :0, Destination :0, Numéro :49, Longeur :4, crc :702E , 
data :	 ,52	 ,00	 ,50	 ,50)
05/04/2013 12:00:04 : [DEBUG] [Protocol] [SendTrame] System.Byte[]
05/04/2013 12:00:04 : [DEBUG] [messageBuilder] [createMessage] (Source :0, Destination :0, Numéro :50, Longeur :4, crc :7839 , 
data :	 ,52	 ,01	 ,50	 ,50)
05/04/2013 12:00:04 : [DEBUG] [Protocol] [SendTrame] System.Byte[]
05/04/2013 12:00:05 : [DEBUG] [messageBuilder] [createMessage] (Source :0, Destination :0, Numéro :51, Longeur :3, crc :3780 , 
data :	 ,51	 ,01	 ,5A)
05/04/2013 12:00:05 : [DEBUG] [Protocol] [SendTrame] System.Byte[]
05/04/2013 12:00:05 : [DEBUG] [messageBuilder] [createMessage] (Source :0, Destination :0, Numéro :52, Longeur :4, crc :E83C , 
data :	 ,52	 ,01	 ,50	 ,50)
05/04/2013 12:00:05 : [DEBUG] [Protocol] [SendTrame] System.Byte[]
05/04/2013 12:00:05 : [DEBUG] [messageBuilder] [createMessage] (Source :0, Destination :0, Numéro :53, Longeur :3, crc :B093 , 
data :	 ,51	 ,00	 ,5A)
05/04/2013 12:00:05 : [DEBUG] [Protocol] [SendTrame] System.Byte[]
05/04/2013 12:00:06 : [DEBUG] [messageBuilder] [createMessage] (Source :0, Destination :0, Numéro :54, Longeur :4, crc :1828 , 
data :	 ,52	 ,00	 ,50	 ,50)
05/04/2013 12:00:06 : [DEBUG] [Protocol] [SendTrame] System.Byte[]
05/04/2013 12:00:06 : [DEBUG] [messageBuilder] [createMessage] (Source :0, Destination :0, Numéro :55, Longeur :4, crc :603C , 
data :	 ,52	 ,01	 ,50	 ,50)
05/04/2013 12:00:06 : [DEBUG] [Protocol] [SendTrame] System.Byte[]
05/04/2013 12:00:06 : [DEBUG] [messageBuilder] [createMessage] (Source :0, Destination :0, Numéro :56, Longeur :3, crc :B4CB , 
data :	 ,51	 ,01	 ,5A)
05/04/2013 12:00:06 : [DEBUG] [Protocol] [SendTrame] System.Byte[]
05/04/2013 12:00:07 : [DEBUG] [messageBuilder] [createMessage] (Source :0, Destination :0, Numéro :57, Longeur :3, crc :B2B3 , 
data :	 ,51	 ,00	 ,5A)
05/04/2013 12:00:07 : [DEBUG] [Protocol] [SendTrame] System.Byte[]
05/04/2013 12:00:07 : [DEBUG] [messageBuilder] [createMessage] (Source :0, Destination :0, Numéro :58, Longeur :4, crc :B827 , 
data :	 ,52	 ,00	 ,50	 ,50)
05/04/2013 12:00:07 : [DEBUG] [Protocol] [SendTrame] System.Byte[]
05/04/2013 12:00:07 : [DEBUG] [messageBuilder] [createMessage] (Source :0, Destination :0, Numéro :59, Longeur :4, crc :C033 , 
data :	 ,52	 ,01	 ,50	 ,50)
05/04/2013 12:00:07 : [DEBUG] [Protocol] [SendTrame] System.Byte[]
05/04/2013 12:00:08 : [DEBUG] [messageBuilder] [createMessage] (Source :0, Destination :0, Numéro :60, Longeur :3, crc :3528 , 
data :	 ,51	 ,01	 ,5A)
05/04/2013 12:00:08 : [DEBUG] [Protocol] [SendTrame] System.Byte[]
05/04/2013 12:00:08 : [DEBUG] [messageBuilder] [createMessage] (Source :0, Destination :0, Numéro :61, Longeur :3, crc :3350 , 
data :	 ,51	 ,00	 ,5A)
05/04/2013 12:00:08 : [DEBUG] [Protocol] [SendTrame] System.Byte[]
05/04/2013 12:00:08 : [DEBUG] [messageBuilder] [createMessage] (Source :0, Destination :0, Numéro :62, Longeur :4, crc :5821 , 
data :	 ,52	 ,00	 ,50	 ,50)
05/04/2013 12:00:09 : [DEBUG] [Protocol] [SendTrame] System.Byte[]
05/04/2013 12:00:09 : [DEBUG] [messageBuilder] [createMessage] (Source :0, Destination :0, Numéro :63, Longeur :4, crc :2035 , 
data :	 ,52	 ,01	 ,50	 ,50)
05/04/2013 12:00:09 : [DEBUG] [Protocol] [SendTrame] System.Byte[]
05/04/2013 12:00:51 : [DEBUG] [messageBuilder] [createMessage] (Source :0, Destination :0, Numéro :64, Longeur :4, crc :884E , 
data :	 ,52	 ,01	 ,50	 ,50)
05/04/2013 12:00:51 : [DEBUG] [Protocol] [SendTrame] System.Byte[]
05/04/2013 12:00:51 : [DEBUG] [Protocol] [SendTrame] System.Byte[]
05/04/2013 12:00:51 : [DEBUG] [messageBuilder] [createMessage] (Source :0, Destination :0, Numéro :66, Longeur :4, crc :F84D , 
data :	 ,52	 ,01	 ,50	 ,50)
05/04/2013 12:00:51 : [DEBUG] [messageBuilder] [createMessage] (Source :0, Destination :0, Numéro :67, Longeur :4, crc :004E , 
data :	 ,52	 ,01	 ,50	 ,50)
05/04/2013 12:00:51 : [DEBUG] [Protocol] [SendTrame] System.Byte[]
05/04/2013 12:00:51 : [DEBUG] [messageBuilder] [createMessage] (Source :0, Destination :0, Numéro :68, Longeur :4, crc :6848 , 
data :	 ,52	 ,01	 ,50	 ,50)
05/04/2013 12:00:51 : [DEBUG] [Protocol] [SendTrame] System.Byte[]
05/04/2013 12:00:51 : [DEBUG] [Protocol] [SendTrame] System.Byte[]
05/04/2013 12:00:51 : [DEBUG] [messageBuilder] [createMessage] (Source :0, Destination :0, Numéro :69, Longeur :4, crc :904B , 
data :	 ,52	 ,01	 ,50	 ,50)
05/04/2013 12:00:52 : [DEBUG] [messageBuilder] [createMessage] (Source :0, Destination :0, Numéro :70, Longeur :4, crc :184B , 
data :	 ,52	 ,01	 ,50	 ,50)
05/04/2013 12:00:52 : [DEBUG] [Protocol] [SendTrame] System.Byte[]
05/04/2013 12:00:52 : [DEBUG] [messageBuilder] [createMessage] (Source :0, Destination :0, Numéro :71, Longeur :4, crc :E048 , 
data :	 ,52	 ,01	 ,50	 ,50)
05/04/2013 12:00:52 : [DEBUG] [Protocol] [SendTrame] System.Byte[]
05/04/2013 12:00:52 : [DEBUG] [Protocol] [SendTrame] System.Byte[]
05/04/2013 12:00:52 : [DEBUG] [messageBuilder] [createMessage] (Source :0, Destination :0, Numéro :72, Longeur :4, crc :C847 , 
data :	 ,52	 ,01	 ,50	 ,50)
05/04/2013 12:00:52 : [DEBUG] [messageBuilder] [createMessage] (Source :0, Destination :0, Numéro :73, Longeur :4, crc :3044 , 
data :	 ,52	 ,01	 ,50	 ,50)
05/04/2013 12:00:52 : [DEBUG] [Protocol] [SendTrame] System.Byte[]
05/04/2013 12:00:52 : [DEBUG] [messageBuilder] [createMessage] (Source :0, Destination :0, Numéro :74, Longeur :4, crc :B844 , 
data :	 ,52	 ,01	 ,50	 ,50)
05/04/2013 12:00:52 : [DEBUG] [Protocol] [SendTrame] System.Byte[]
05/04/2013 12:00:52 : [DEBUG] [messageBuilder] [createMessage] (Source :0, Destination :0, Numéro :75, Longeur :4, crc :4047 , 
data :	 ,52	 ,01	 ,50	 ,50)
05/04/2013 12:00:52 : [DEBUG] [Protocol] [SendTrame] System.Byte[]
05/04/2013 12:00:53 : [DEBUG] [messageBuilder] [createMessage] (Source :0, Destination :0, Numéro :76, Longeur :4, crc :2841 , 
data :	 ,52	 ,01	 ,50	 ,50)
05/04/2013 12:00:53 : [DEBUG] [Protocol] [SendTrame] System.Byte[]
05/04/2013 12:00:53 : [DEBUG] [messageBuilder] [createMessage] (Source :0, Destination :0, Numéro :77, Longeur :4, crc :D042 , 
data :	 ,52	 ,01	 ,50	 ,50)
05/04/2013 12:00:53 : [DEBUG] [Protocol] [SendTrame] System.Byte[]
05/04/2013 12:00:53 : [DEBUG] [messageBuilder] [createMessage] (Source :0, Destination :0, Numéro :78, Longeur :4, crc :5842 , 
data :	 ,52	 ,01	 ,50	 ,50)
05/04/2013 12:00:53 : [DEBUG] [Protocol] [SendTrame] System.Byte[]
05/04/2013 12:00:53 : [DEBUG] [messageBuilder] [createMessage] (Source :0, Destination :0, Numéro :79, Longeur :4, crc :A041 , 
data :	 ,52	 ,01	 ,50	 ,50)
05/04/2013 12:00:53 : [DEBUG] [Protocol] [SendTrame] System.Byte[]
05/04/2013 12:00:53 : [DEBUG] [Protocol] [SendTrame] System.Byte[]
05/04/2013 12:00:53 : [DEBUG] [messageBuilder] [createMessage] (Source :0, Destination :0, Numéro :81, Longeur :4, crc :F05F , 
data :	 ,52	 ,01	 ,50	 ,50)
05/04/2013 12:00:54 : [DEBUG] [messageBuilder] [createMessage] (Source :0, Destination :0, Numéro :82, Longeur :4, crc :785F , 
data :	 ,52	 ,01	 ,50	 ,50)
05/04/2013 12:00:54 : [DEBUG] [Protocol] [SendTrame] System.Byte[]
05/04/2013 12:00:54 : [DEBUG] [Protocol] [SendTrame] System.Byte[]
05/04/2013 12:00:54 : [DEBUG] [messageBuilder] [createMessage] (Source :0, Destination :0, Numéro :83, Longeur :4, crc :805C , 
data :	 ,52	 ,01	 ,50	 ,50)
05/04/2013 12:00:54 : [DEBUG] [Protocol] [SendTrame] System.Byte[]
05/04/2013 12:00:54 : [DEBUG] [messageBuilder] [createMessage] (Source :0, Destination :0, Numéro :84, Longeur :4, crc :E85A , 
data :	 ,52	 ,01	 ,50	 ,50)
05/04/2013 12:00:55 : [DEBUG] [Protocol] [SendTrame] System.Byte[]
05/04/2013 12:00:55 : [DEBUG] [messageBuilder] [createMessage] (Source :0, Destination :0, Numéro :85, Longeur :4, crc :1059 , 
data :	 ,52	 ,01	 ,50	 ,50)
05/04/2013 12:00:55 : [DEBUG] [Protocol] [SendTrame] System.Byte[]
05/04/2013 12:00:56 : [DEBUG] [messageBuilder] [createMessage] (Source :0, Destination :0, Numéro :86, Longeur :4, crc :9859 , 
data :	 ,52	 ,01	 ,50	 ,50)
05/04/2013 12:00:56 : [DEBUG] [Protocol] [SendTrame] System.Byte[]
05/04/2013 12:00:56 : [DEBUG] [messageBuilder] [createMessage] (Source :0, Destination :0, Numéro :87, Longeur :4, crc :605A , 
data :	 ,52	 ,01	 ,50	 ,50)
05/04/2013 12:00:56 : [DEBUG] [Protocol] [SendTrame] System.Byte[]
05/04/2013 12:00:57 : [DEBUG] [messageBuilder] [createMessage] (Source :0, Destination :0, Numéro :88, Longeur :4, crc :4855 , 
data :	 ,52	 ,01	 ,50	 ,50)
05/04/2013 12:00:57 : [DEBUG] [Protocol] [SendTrame] System.Byte[]
05/04/2013 12:00:57 : [DEBUG] [messageBuilder] [createMessage] (Source :0, Destination :0, Numéro :89, Longeur :4, crc :B056 , 
data :	 ,52	 ,01	 ,50	 ,50)
05/04/2013 12:00:57 : [DEBUG] [Protocol] [SendTrame] System.Byte[]
05/04/2013 12:00:58 : [DEBUG] [messageBuilder] [createMessage] (Source :0, Destination :0, Numéro :90, Longeur :4, crc :3856 , 
data :	 ,52	 ,01	 ,50	 ,50)
05/04/2013 12:00:58 : [DEBUG] [Protocol] [SendTrame] System.Byte[]
05/04/2013 12:00:58 : [DEBUG] [messageBuilder] [createMessage] (Source :0, Destination :0, Numéro :91, Longeur :4, crc :C055 , 
data :	 ,52	 ,01	 ,50	 ,50)
05/04/2013 12:00:58 : [DEBUG] [Protocol] [SendTrame] System.Byte[]
05/04/2013 12:00:58 : [DEBUG] [messageBuilder] [createMessage] (Source :0, Destination :0, Numéro :92, Longeur :4, crc :A853 , 
data :	 ,52	 ,01	 ,50	 ,50)
05/04/2013 12:00:58 : [DEBUG] [Protocol] [SendTrame] System.Byte[]
05/04/2013 12:00:59 : [DEBUG] [messageBuilder] [createMessage] (Source :0, Destination :0, Numéro :93, Longeur :4, crc :5050 , 
data :	 ,52	 ,01	 ,50	 ,50)
05/04/2013 12:00:59 : [DEBUG] [Protocol] [SendTrame] System.Byte[]
05/04/2013 12:01:00 : [DEBUG] [messageBuilder] [createMessage] (Source :0, Destination :0, Numéro :94, Longeur :4, crc :D850 , 
data :	 ,52	 ,01	 ,50	 ,50)
05/04/2013 12:01:00 : [DEBUG] [Protocol] [SendTrame] System.Byte[]
05/04/2013 12:01:02 : [DEBUG] [messageBuilder] [createMessage] (Source :0, Destination :0, Numéro :95, Longeur :3, crc :24A0 , 
data :	 ,51	 ,01	 ,5A)
05/04/2013 12:01:02 : [DEBUG] [Protocol] [SendTrame] System.Byte[]
05/04/2013 12:01:02 : [DEBUG] [messageBuilder] [createMessage] (Source :0, Destination :0, Numéro :96, Longeur :3, crc :A88B , 
data :	 ,51	 ,00	 ,5A)
05/04/2013 12:01:02 : [DEBUG] [Protocol] [SendTrame] System.Byte[]
05/04/2013 12:01:03 : [DEBUG] [messageBuilder] [createMessage] (Source :0, Destination :0, Numéro :97, Longeur :4, crc :707B , 
data :	 ,52	 ,00	 ,50	 ,50)
05/04/2013 12:01:03 : [DEBUG] [Protocol] [SendTrame] System.Byte[]
05/04/2013 12:01:03 : [DEBUG] [messageBuilder] [createMessage] (Source :0, Destination :0, Numéro :98, Longeur :4, crc :786C , 
data :	 ,52	 ,01	 ,50	 ,50)
05/04/2013 12:01:03 : [DEBUG] [Protocol] [SendTrame] System.Byte[]
05/04/2013 12:01:04 : [DEBUG] [messageBuilder] [createMessage] (Source :0, Destination :0, Numéro :99, Longeur :1, crc :00FA , 
data :	 ,61)
05/04/2013 12:01:04 : [DEBUG] [Protocol] [SendTrame] System.Byte[]
05/04/2013 12:01:04 : [DEBUG] [messageBuilder] [createMessage] (Source :0, Destination :0, Numéro :100, Longeur :1, crc :809F , 
data :	 ,62)
05/04/2013 12:01:04 : [DEBUG] [Protocol] [SendTrame] System.Byte[]
05/04/2013 12:11:53 : [DEBUG] [messageBuilder] [createMessage] (Source :0, Destination :0, Numéro :101, Longeur :3, crc :A913 , 
data :	 ,51	 ,00	 ,5A)
05/04/2013 12:11:53 : [DEBUG] [Protocol] [SendTrame] System.Byte[]
05/04/2013 12:11:53 : [DEBUG] [messageBuilder] [createMessage] (Source :0, Destination :0, Numéro :102, Longeur :4, crc :187D , 
data :	 ,52	 ,00	 ,50	 ,50)
05/04/2013 12:11:53 : [DEBUG] [Protocol] [SendTrame] System.Byte[]
05/04/2013 12:11:53 : [DEBUG] [messageBuilder] [createMessage] (Source :0, Destination :0, Numéro :103, Longeur :4, crc :6069 , 
data :	 ,52	 ,01	 ,50	 ,50)
05/04/2013 12:11:53 : [DEBUG] [Protocol] [SendTrame] System.Byte[]
05/04/2013 12:11:54 : [DEBUG] [messageBuilder] [createMessage] (Source :0, Destination :0, Numéro :104, Longeur :3, crc :AD4B , 
data :	 ,51	 ,01	 ,5A)
05/04/2013 12:11:54 : [DEBUG] [Protocol] [SendTrame] System.Byte[]
05/04/2013 12:11:54 : [DEBUG] [messageBuilder] [createMessage] (Source :0, Destination :0, Numéro :105, Longeur :4, crc :3072 , 
data :	 ,52	 ,00	 ,50	 ,50)
05/04/2013 12:11:54 : [DEBUG] [Protocol] [SendTrame] System.Byte[]
05/04/2013 12:11:54 : [DEBUG] [messageBuilder] [createMessage] (Source :0, Destination :0, Numéro :106, Longeur :4, crc :3865 , 
data :	 ,52	 ,01	 ,50	 ,50)
05/04/2013 12:11:54 : [DEBUG] [Protocol] [SendTrame] System.Byte[]
05/04/2013 12:11:54 : [DEBUG] [messageBuilder] [createMessage] (Source :0, Destination :0, Numéro :107, Longeur :3, crc :2BC0 , 
data :	 ,51	 ,00	 ,5A)
05/04/2013 12:11:55 : [DEBUG] [Protocol] [SendTrame] System.Byte[]
05/04/2013 12:11:56 : [DEBUG] [messageBuilder] [createMessage] (Source :0, Destination :0, Numéro :108, Longeur :4, crc :2877 , 
data :	 ,52	 ,00	 ,50	 ,50)
05/04/2013 12:11:56 : [DEBUG] [Protocol] [SendTrame] System.Byte[]
05/04/2013 12:11:56 : [DEBUG] [messageBuilder] [createMessage] (Source :0, Destination :0, Numéro :109, Longeur :4, crc :5063 , 
data :	 ,52	 ,01	 ,50	 ,50)
05/04/2013 12:11:56 : [DEBUG] [Protocol] [SendTrame] System.Byte[]
05/04/2013 12:11:56 : [DEBUG] [messageBuilder] [createMessage] (Source :0, Destination :0, Numéro :110, Longeur :3, crc :AC5B , 
data :	 ,51	 ,01	 ,5A)
05/04/2013 12:11:57 : [DEBUG] [Protocol] [SendTrame] System.Byte[]
05/04/2013 12:11:57 : [DEBUG] [messageBuilder] [createMessage] (Source :0, Destination :0, Numéro :111, Longeur :4, crc :A077 , 
data :	 ,52	 ,00	 ,50	 ,50)
05/04/2013 12:11:57 : [DEBUG] [Protocol] [SendTrame] System.Byte[]
05/04/2013 12:11:57 : [DEBUG] [messageBuilder] [createMessage] (Source :0, Destination :0, Numéro :112, Longeur :3, crc :2F08 , 
data :	 ,51	 ,00	 ,5A)
05/04/2013 12:11:57 : [DEBUG] [Protocol] [SendTrame] System.Byte[]
05/04/2013 12:11:57 : [DEBUG] [messageBuilder] [createMessage] (Source :0, Destination :0, Numéro :113, Longeur :4, crc :707E , 
data :	 ,52	 ,01	 ,50	 ,50)
05/04/2013 12:11:57 : [DEBUG] [Protocol] [SendTrame] System.Byte[]
05/04/2013 12:11:58 : [DEBUG] [messageBuilder] [createMessage] (Source :0, Destination :0, Numéro :114, Longeur :4, crc :7869 , 
data :	 ,52	 ,00	 ,50	 ,50)
05/04/2013 12:11:58 : [DEBUG] [Protocol] [SendTrame] System.Byte[]
05/04/2013 12:11:59 : [DEBUG] [messageBuilder] [createMessage] (Source :0, Destination :0, Numéro :115, Longeur :3, crc :2F80 , 
data :	 ,51	 ,00	 ,5A)
05/04/2013 12:11:59 : [DEBUG] [Protocol] [SendTrame] System.Byte[]
05/04/2013 12:12:01 : [DEBUG] [messageBuilder] [createMessage] (Source :0, Destination :0, Numéro :116, Longeur :4, crc :E86C , 
data :	 ,52	 ,00	 ,50	 ,50)
05/04/2013 12:12:01 : [DEBUG] [Protocol] [SendTrame] System.Byte[]
05/04/2013 12:12:01 : [DEBUG] [messageBuilder] [createMessage] (Source :0, Destination :0, Numéro :117, Longeur :4, crc :9078 , 
data :	 ,52	 ,01	 ,50	 ,50)
05/04/2013 12:12:01 : [DEBUG] [Protocol] [SendTrame] System.Byte[]
05/04/2013 12:12:01 : [DEBUG] [messageBuilder] [createMessage] (Source :0, Destination :0, Numéro :118, Longeur :3, crc :A81B , 
data :	 ,51	 ,01	 ,5A)
05/04/2013 12:12:01 : [DEBUG] [Protocol] [SendTrame] System.Byte[]
05/04/2013 12:12:02 : [DEBUG] [messageBuilder] [createMessage] (Source :0, Destination :0, Numéro :119, Longeur :3, crc :AE63 , 
data :	 ,51	 ,00	 ,5A)
05/04/2013 12:12:02 : [DEBUG] [Protocol] [SendTrame] System.Byte[]
05/04/2013 12:12:02 : [DEBUG] [messageBuilder] [createMessage] (Source :0, Destination :0, Numéro :120, Longeur :4, crc :4863 , 
data :	 ,52	 ,00	 ,50	 ,50)
05/04/2013 12:12:02 : [DEBUG] [Protocol] [SendTrame] System.Byte[]
05/04/2013 12:12:02 : [DEBUG] [messageBuilder] [createMessage] (Source :0, Destination :0, Numéro :121, Longeur :4, crc :3077 , 
data :	 ,52	 ,01	 ,50	 ,50)
05/04/2013 12:12:03 : [DEBUG] [Protocol] [SendTrame] System.Byte[]
05/04/2013 12:12:03 : [DEBUG] [messageBuilder] [createMessage] (Source :0, Destination :0, Numéro :122, Longeur :1, crc :8107 , 
data :	 ,62)
05/04/2013 12:12:03 : [DEBUG] [Protocol] [SendTrame] System.Byte[]
05/04/2013 12:12:03 : [DEBUG] [messageBuilder] [createMessage] (Source :0, Destination :0, Numéro :123, Longeur :1, crc :011A , 
data :	 ,61)
05/04/2013 12:12:03 : [DEBUG] [Protocol] [SendTrame] System.Byte[]
05/04/2013 12:12:14 : [DEBUG] [messageBuilder] [createMessage] (Source :0, Destination :0, Numéro :124, Longeur :1, crc :8175 , 
data :	 ,61)
05/04/2013 12:12:14 : [DEBUG] [Protocol] [SendTrame] System.Byte[]
05/04/2013 12:12:14 : [DEBUG] [messageBuilder] [createMessage] (Source :0, Destination :0, Numéro :125, Longeur :1, crc :0162 , 
data :	 ,61)
05/04/2013 12:12:14 : [DEBUG] [Protocol] [SendTrame] System.Byte[]
05/04/2013 12:12:14 : [DEBUG] [messageBuilder] [createMessage] (Source :0, Destination :0, Numéro :126, Longeur :1, crc :015E , 
data :	 ,61)
05/04/2013 12:12:14 : [DEBUG] [Protocol] [SendTrame] System.Byte[]
05/04/2013 12:12:15 : [DEBUG] [messageBuilder] [createMessage] (Source :0, Destination :0, Numéro :127, Longeur :1, crc :8149 , 
data :	 ,61)
05/04/2013 12:12:15 : [DEBUG] [messageBuilder] [createMessage] (Source :0, Destination :0, Numéro :128, Longeur :1, crc :8D45 , 
data :	 ,61)
05/04/2013 12:12:15 : [DEBUG] [Protocol] [SendTrame] System.Byte[]
05/04/2013 12:12:15 : [DEBUG] [messageBuilder] [createMessage] (Source :0, Destination :0, Numéro :129, Longeur :1, crc :0D52 , 
data :	 ,61)
05/04/2013 12:12:15 : [DEBUG] [Protocol] [SendTrame] System.Byte[]
05/04/2013 12:12:15 : [DEBUG] [messageBuilder] [createMessage] (Source :0, Destination :0, Numéro :130, Longeur :1, crc :0D6E , 
data :	 ,61)
05/04/2013 12:12:15 : [DEBUG] [Protocol] [SendTrame] System.Byte[]
05/04/2013 12:12:15 : [DEBUG] [messageBuilder] [createMessage] (Source :0, Destination :0, Numéro :131, Longeur :1, crc :8D79 , 
data :	 ,61)
05/04/2013 12:12:15 : [DEBUG] [Protocol] [SendTrame] System.Byte[]
05/04/2013 12:12:16 : [DEBUG] [Protocol] [SendTrame] System.Byte[]
05/04/2013 12:12:16 : [DEBUG] [messageBuilder] [createMessage] (Source :0, Destination :0, Numéro :132, Longeur :1, crc :0D16 , 
data :	 ,61)
05/04/2013 12:12:16 : [DEBUG] [Protocol] [SendTrame] System.Byte[]
05/04/2013 12:12:16 : [DEBUG] [messageBuilder] [createMessage] (Source :0, Destination :0, Numéro :133, Longeur :1, crc :8D01 , 
data :	 ,61)
05/04/2013 12:12:16 : [DEBUG] [messageBuilder] [createMessage] (Source :0, Destination :0, Numéro :134, Longeur :1, crc :8D3D , 
data :	 ,61)
05/04/2013 12:12:16 : [DEBUG] [Protocol] [SendTrame] System.Byte[]
05/04/2013 12:12:16 : [DEBUG] [messageBuilder] [createMessage] (Source :0, Destination :0, Numéro :135, Longeur :1, crc :0D2A , 
data :	 ,61)
05/04/2013 12:12:16 : [DEBUG] [messageBuilder] [createMessage] (Source :0, Destination :0, Numéro :136, Longeur :1, crc :0DE6 , 
data :	 ,61)
05/04/2013 12:12:16 : [DEBUG] [Protocol] [SendTrame] System.Byte[]
05/04/2013 12:12:16 : [DEBUG] [messageBuilder] [createMessage] (Source :0, Destination :0, Numéro :137, Longeur :1, crc :8DF1 , 
data :	 ,61)
05/04/2013 12:12:16 : [DEBUG] [Protocol] [SendTrame] System.Byte[]
05/04/2013 12:12:16 : [DEBUG] [Protocol] [SendTrame] System.Byte[]
05/04/2013 12:12:17 : [DEBUG] [messageBuilder] [createMessage] (Source :0, Destination :0, Numéro :138, Longeur :1, crc :8DCD , 
data :	 ,61)
05/04/2013 12:12:17 : [DEBUG] [Protocol] [SendTrame] System.Byte[]
05/04/2013 12:12:17 : [DEBUG] [messageBuilder] [createMessage] (Source :0, Destination :0, Numéro :139, Longeur :1, crc :0DDA , 
data :	 ,61)
05/04/2013 12:12:17 : [DEBUG] [Protocol] [SendTrame] System.Byte[]
05/04/2013 12:12:17 : [DEBUG] [messageBuilder] [createMessage] (Source :0, Destination :0, Numéro :140, Longeur :1, crc :8DB5 , 
data :	 ,61)
05/04/2013 12:12:17 : [DEBUG] [Protocol] [SendTrame] System.Byte[]
05/04/2013 12:12:17 : [DEBUG] [messageBuilder] [createMessage] (Source :0, Destination :0, Numéro :141, Longeur :1, crc :0DA2 , 
data :	 ,61)
05/04/2013 12:12:17 : [DEBUG] [Protocol] [SendTrame] System.Byte[]
05/04/2013 12:12:17 : [DEBUG] [messageBuilder] [createMessage] (Source :0, Destination :0, Numéro :142, Longeur :1, crc :0D9E , 
data :	 ,61)
05/04/2013 12:12:18 : [DEBUG] [Protocol] [SendTrame] System.Byte[]
05/04/2013 12:12:18 : [DEBUG] [messageBuilder] [createMessage] (Source :0, Destination :0, Numéro :143, Longeur :1, crc :8D89 , 
data :	 ,61)
05/04/2013 12:12:18 : [DEBUG] [Protocol] [SendTrame] System.Byte[]
05/04/2013 12:12:18 : [DEBUG] [messageBuilder] [createMessage] (Source :0, Destination :0, Numéro :144, Longeur :1, crc :0C06 , 
data :	 ,61)
05/04/2013 12:12:18 : [DEBUG] [Protocol] [SendTrame] System.Byte[]
05/04/2013 12:12:18 : [DEBUG] [Protocol] [SendTrame] System.Byte[]
05/04/2013 12:12:18 : [DEBUG] [messageBuilder] [createMessage] (Source :0, Destination :0, Numéro :146, Longeur :1, crc :8C2D , 
data :	 ,61)
05/04/2013 12:12:18 : [DEBUG] [Protocol] [SendTrame] System.Byte[]
05/04/2013 12:12:19 : [DEBUG] [messageBuilder] [createMessage] (Source :0, Destination :0, Numéro :147, Longeur :1, crc :0C3A , 
data :	 ,61)
05/04/2013 12:12:19 : [DEBUG] [messageBuilder] [createMessage] (Source :0, Destination :0, Numéro :148, Longeur :1, crc :8C55 , 
data :	 ,61)
05/04/2013 12:12:19 : [DEBUG] [Protocol] [SendTrame] System.Byte[]
05/04/2013 12:12:19 : [DEBUG] [messageBuilder] [createMessage] (Source :0, Destination :0, Numéro :149, Longeur :1, crc :0C42 , 
data :	 ,61)
05/04/2013 12:12:19 : [DEBUG] [messageBuilder] [createMessage] (Source :0, Destination :0, Numéro :150, Longeur :1, crc :0C7E , 
data :	 ,61)
05/04/2013 12:12:19 : [DEBUG] [Protocol] [SendTrame] System.Byte[]
05/04/2013 12:12:19 : [DEBUG] [Protocol] [SendTrame] System.Byte[]
05/04/2013 12:12:21 : [DEBUG] [messageBuilder] [createMessage] (Source :0, Destination :0, Numéro :151, Longeur :1, crc :8C69 , 
data :	 ,61)
05/04/2013 12:12:21 : [DEBUG] [messageBuilder] [createMessage] (Source :0, Destination :0, Numéro :152, Longeur :1, crc :8CA5 , 
data :	 ,61)
05/04/2013 12:12:21 : [DEBUG] [Protocol] [SendTrame] System.Byte[]
05/04/2013 12:12:21 : [DEBUG] [Protocol] [SendTrame] System.Byte[]
05/04/2013 12:12:21 : [DEBUG] [Protocol] [SendTrame] System.Byte[]
05/04/2013 12:12:22 : [DEBUG] [messageBuilder] [createMessage] (Source :0, Destination :0, Numéro :154, Longeur :1, crc :0C8E , 
data :	 ,61)
05/04/2013 12:12:22 : [DEBUG] [Protocol] [SendTrame] System.Byte[]
05/04/2013 12:12:22 : [DEBUG] [messageBuilder] [createMessage] (Source :0, Destination :0, Numéro :155, Longeur :1, crc :8C99 , 
data :	 ,61)
05/04/2013 12:12:22 : [DEBUG] [Protocol] [SendTrame] System.Byte[]
05/04/2013 12:12:23 : [DEBUG] [messageBuilder] [createMessage] (Source :0, Destination :0, Numéro :156, Longeur :1, crc :0CF6 , 
data :	 ,61)
05/04/2013 12:12:23 : [DEBUG] [messageBuilder] [createMessage] (Source :0, Destination :0, Numéro :157, Longeur :1, crc :8CE1 , 
data :	 ,61)
05/04/2013 12:12:23 : [DEBUG] [Protocol] [SendTrame] System.Byte[]
05/04/2013 12:12:23 : [DEBUG] [Protocol] [SendTrame] System.Byte[]
05/04/2013 12:12:25 : [DEBUG] [messageBuilder] [createMessage] (Source :0, Destination :0, Numéro :158, Longeur :1, crc :8CDD , 
data :	 ,61)
05/04/2013 12:12:26 : [DEBUG] [messageBuilder] [createMessage] (Source :0, Destination :0, Numéro :159, Longeur :1, crc :0CCA , 
data :	 ,61)
05/04/2013 12:12:26 : [DEBUG] [Protocol] [SendTrame] System.Byte[]
05/04/2013 12:12:26 : [DEBUG] [Protocol] [SendTrame] System.Byte[]
05/04/2013 12:12:26 : [DEBUG] [messageBuilder] [createMessage] (Source :0, Destination :0, Numéro :160, Longeur :1, crc :0FC6 , 
data :	 ,61)
05/04/2013 12:12:26 : [DEBUG] [Protocol] [SendTrame] System.Byte[]
05/04/2013 12:12:26 : [DEBUG] [messageBuilder] [createMessage] (Source :0, Destination :0, Numéro :161, Longeur :1, crc :8FD1 , 
data :	 ,61)
05/04/2013 12:12:27 : [DEBUG] [Protocol] [SendTrame] System.Byte[]
05/04/2013 12:12:27 : [DEBUG] [messageBuilder] [createMessage] (Source :0, Destination :0, Numéro :162, Longeur :1, crc :8FED , 
data :	 ,61)
05/04/2013 12:12:27 : [DEBUG] [messageBuilder] [createMessage] (Source :0, Destination :0, Numéro :163, Longeur :1, crc :0FFA , 
data :	 ,61)
05/04/2013 12:12:27 : [DEBUG] [Protocol] [SendTrame] System.Byte[]
05/04/2013 12:12:27 : [DEBUG] [Protocol] [SendTrame] System.Byte[]
05/04/2013 12:12:28 : [DEBUG] [messageBuilder] [createMessage] (Source :0, Destination :0, Numéro :164, Longeur :1, crc :8F95 , 
data :	 ,61)
05/04/2013 12:12:28 : [DEBUG] [Protocol] [SendTrame] System.Byte[]
05/04/2013 12:12:28 : [DEBUG] [messageBuilder] [createMessage] (Source :0, Destination :0, Numéro :165, Longeur :1, crc :0F82 , 
data :	 ,61)
05/04/2013 12:12:28 : [DEBUG] [Protocol] [SendTrame] System.Byte[]
05/04/2013 12:12:28 : [DEBUG] [messageBuilder] [createMessage] (Source :0, Destination :0, Numéro :166, Longeur :1, crc :0FBE , 
data :	 ,61)
05/04/2013 12:12:28 : [DEBUG] [Protocol] [SendTrame] System.Byte[]
05/04/2013 12:12:29 : [DEBUG] [messageBuilder] [createMessage] (Source :0, Destination :0, Numéro :167, Longeur :1, crc :8FA9 , 
data :	 ,61)
05/04/2013 12:12:29 : [DEBUG] [Protocol] [SendTrame] System.Byte[]
05/04/2013 12:12:56 : [DEBUG] [SerialXbee] [StartListenSerial] Openning Serial Port
05/04/2013 12:12:56 : [DEBUG] [SerialXbee] [StartListenSerial] Starting Sending thread
05/04/2013 12:12:59 : [DEBUG] [messageBuilder] [createMessage] (Source :0, Destination :0, Numéro :0, Longeur :4, crc :0809 , 
data :	 ,52	 ,01	 ,50	 ,50)
05/04/2013 12:12:59 : [DEBUG] [messageBuilder] [createMessage] (Source :0, Destination :0, Numéro :1, Longeur :4, crc :F00A , 
data :	 ,52	 ,01	 ,50	 ,50)
05/04/2013 12:12:59 : [DEBUG] [Protocol] [SendTrame] System.Byte[]
05/04/2013 12:12:59 : [DEBUG] [messageBuilder] [createMessage] (Source :0, Destination :0, Numéro :2, Longeur :4, crc :780A , 
data :	 ,52	 ,01	 ,50	 ,50)
05/04/2013 12:13:00 : [DEBUG] [Protocol] [SendTrame] System.Byte[]
05/04/2013 12:13:00 : [DEBUG] [Protocol] [SendTrame] System.Byte[]
05/04/2013 12:13:01 : [DEBUG] [messageBuilder] [createMessage] (Source :0, Destination :0, Numéro :3, Longeur :4, crc :8009 , 
data :	 ,52	 ,01	 ,50	 ,50)
05/04/2013 12:13:01 : [DEBUG] [Protocol] [SendTrame] System.Byte[]
05/04/2013 12:13:01 : [DEBUG] [messageBuilder] [createMessage] (Source :0, Destination :0, Numéro :4, Longeur :4, crc :E80F , 
data :	 ,52	 ,01	 ,50	 ,50)
05/04/2013 12:13:02 : [DEBUG] [Protocol] [SendTrame] System.Byte[]
05/04/2013 12:13:04 : [DEBUG] [messageBuilder] [createMessage] (Source :0, Destination :0, Numéro :5, Longeur :4, crc :100C , 
data :	 ,52	 ,01	 ,50	 ,50)
05/04/2013 12:13:05 : [DEBUG] [messageBuilder] [createMessage] (Source :0, Destination :0, Numéro :6, Longeur :4, crc :980C , 
data :	 ,52	 ,01	 ,50	 ,50)
05/04/2013 12:13:05 : [DEBUG] [Protocol] [SendTrame] System.Byte[]
05/04/2013 12:13:05 : [DEBUG] [Protocol] [SendTrame] System.Byte[]
05/04/2013 12:13:09 : [DEBUG] [messageBuilder] [createMessage] (Source :0, Destination :0, Numéro :7, Longeur :4, crc :600F , 
data :	 ,52	 ,01	 ,50	 ,50)
05/04/2013 12:13:09 : [DEBUG] [messageBuilder] [createMessage] (Source :0, Destination :0, Numéro :8, Longeur :3, crc :BC4B , 
data :	 ,51	 ,01	 ,5A)
05/04/2013 12:13:09 : [DEBUG] [Protocol] [SendTrame] System.Byte[]
05/04/2013 12:13:09 : [DEBUG] [Protocol] [SendTrame] System.Byte[]
05/04/2013 12:13:11 : [DEBUG] [messageBuilder] [createMessage] (Source :0, Destination :0, Numéro :9, Longeur :3, crc :3C30 , 
data :	 ,51	 ,01	 ,5A)
05/04/2013 12:13:11 : [DEBUG] [Protocol] [SendTrame] System.Byte[]
05/04/2013 12:13:11 : [DEBUG] [messageBuilder] [createMessage] (Source :0, Destination :0, Numéro :10, Longeur :4, crc :B814 , 
data :	 ,52	 ,00	 ,50	 ,50)
05/04/2013 12:13:12 : [DEBUG] [messageBuilder] [createMessage] (Source :0, Destination :0, Numéro :11, Longeur :4, crc :C000 , 
data :	 ,52	 ,01	 ,50	 ,50)
05/04/2013 12:13:12 : [DEBUG] [messageBuilder] [createMessage] (Source :0, Destination :0, Numéro :12, Longeur :3, crc :BBAB , 
data :	 ,51	 ,00	 ,5A)
05/04/2013 12:13:12 : [DEBUG] [Protocol] [SendTrame] System.Byte[]
05/04/2013 12:13:12 : [DEBUG] [Protocol] [SendTrame] System.Byte[]
05/04/2013 12:13:12 : [DEBUG] [Protocol] [SendTrame] System.Byte[]
05/04/2013 12:13:14 : [DEBUG] [messageBuilder] [createMessage] (Source :0, Destination :0, Numéro :13, Longeur :1, crc :87A1 , 
data :	 ,61)
05/04/2013 12:13:14 : [DEBUG] [messageBuilder] [createMessage] (Source :0, Destination :0, Numéro :14, Longeur :1, crc :879D , 
data :	 ,61)
05/04/2013 12:13:14 : [DEBUG] [messageBuilder] [createMessage] (Source :0, Destination :0, Numéro :15, Longeur :1, crc :078A , 
data :	 ,61)
05/04/2013 12:13:14 : [DEBUG] [messageBuilder] [createMessage] (Source :0, Destination :0, Numéro :16, Longeur :1, crc :8605 , 
data :	 ,61)
05/04/2013 12:13:14 : [DEBUG] [Protocol] [SendTrame] System.Byte[]
05/04/2013 12:13:14 : [DEBUG] [Protocol] [SendTrame] System.Byte[]
05/04/2013 12:13:14 : [DEBUG] [Protocol] [SendTrame] System.Byte[]
05/04/2013 12:13:15 : [DEBUG] [Protocol] [SendTrame] System.Byte[]
05/04/2013 12:13:17 : [DEBUG] [messageBuilder] [createMessage] (Source :0, Destination :0, Numéro :17, Longeur :1, crc :0612 , 
data :	 ,61)
05/04/2013 12:13:17 : [DEBUG] [messageBuilder] [createMessage] (Source :0, Destination :0, Numéro :18, Longeur :1, crc :062E , 
data :	 ,61)
05/04/2013 12:13:17 : [DEBUG] [Protocol] [SendTrame] System.Byte[]
05/04/2013 12:13:17 : [DEBUG] [Protocol] [SendTrame] System.Byte[]
05/04/2013 12:13:18 : [DEBUG] [messageBuilder] [createMessage] (Source :0, Destination :0, Numéro :19, Longeur :1, crc :8639 , 
data :	 ,61)
05/04/2013 12:13:18 : [DEBUG] [messageBuilder] [createMessage] (Source :0, Destination :0, Numéro :20, Longeur :1, crc :0656 , 
data :	 ,61)
05/04/2013 12:13:18 : [DEBUG] [Protocol] [SendTrame] System.Byte[]
05/04/2013 12:13:18 : [DEBUG] [messageBuilder] [createMessage] (Source :0, Destination :0, Numéro :21, Longeur :1, crc :8641 , 
data :	 ,61)
05/04/2013 12:13:19 : [DEBUG] [Protocol] [SendTrame] System.Byte[]
05/04/2013 12:13:19 : [DEBUG] [Protocol] [SendTrame] System.Byte[]
05/04/2013 12:13:20 : [DEBUG] [messageBuilder] [createMessage] (Source :0, Destination :0, Numéro :22, Longeur :1, crc :867D , 
data :	 ,61)
05/04/2013 12:13:20 : [DEBUG] [Protocol] [SendTrame] System.Byte[]
05/04/2013 12:13:21 : [DEBUG] [messageBuilder] [createMessage] (Source :0, Destination :0, Numéro :23, Longeur :1, crc :066A , 
data :	 ,61)
05/04/2013 12:13:21 : [DEBUG] [messageBuilder] [createMessage] (Source :0, Destination :0, Numéro :24, Longeur :1, crc :06A6 , 
data :	 ,61)
05/04/2013 12:13:21 : [DEBUG] [Protocol] [SendTrame] System.Byte[]
05/04/2013 12:13:21 : [DEBUG] [Protocol] [SendTrame] System.Byte[]
05/04/2013 12:13:26 : [DEBUG] [messageBuilder] [createMessage] (Source :0, Destination :0, Numéro :25, Longeur :1, crc :86B1 , 
data :	 ,61)
05/04/2013 12:13:26 : [DEBUG] [messageBuilder] [createMessage] (Source :0, Destination :0, Numéro :26, Longeur :1, crc :868D , 
data :	 ,61)
05/04/2013 12:13:26 : [DEBUG] [Protocol] [SendTrame] System.Byte[]
05/04/2013 12:13:27 : [DEBUG] [Protocol] [SendTrame] System.Byte[]
05/04/2013 12:13:27 : [DEBUG] [messageBuilder] [createMessage] (Source :0, Destination :0, Numéro :27, Longeur :1, crc :069A , 
data :	 ,61)
05/04/2013 12:13:27 : [DEBUG] [messageBuilder] [createMessage] (Source :0, Destination :0, Numéro :28, Longeur :1, crc :86F5 , 
data :	 ,61)
05/04/2013 12:13:27 : [DEBUG] [messageBuilder] [createMessage] (Source :0, Destination :0, Numéro :29, Longeur :1, crc :06E2 , 
data :	 ,61)
05/04/2013 12:13:27 : [DEBUG] [messageBuilder] [createMessage] (Source :0, Destination :0, Numéro :30, Longeur :1, crc :06DE , 
data :	 ,61)
05/04/2013 12:13:27 : [DEBUG] [messageBuilder] [createMessage] (Source :0, Destination :0, Numéro :31, Longeur :1, crc :86C9 , 
data :	 ,61)
05/04/2013 12:13:27 : [DEBUG] [messageBuilder] [createMessage] (Source :0, Destination :0, Numéro :32, Longeur :1, crc :85C5 , 
data :	 ,61)
05/04/2013 12:13:28 : [DEBUG] [Protocol] [SendTrame] System.Byte[]
05/04/2013 12:13:28 : [DEBUG] [Protocol] [SendTrame] System.Byte[]
05/04/2013 12:13:28 : [DEBUG] [Protocol] [SendTrame] System.Byte[]
05/04/2013 12:13:28 : [DEBUG] [Protocol] [SendTrame] System.Byte[]
05/04/2013 12:13:28 : [DEBUG] [Protocol] [SendTrame] System.Byte[]
05/04/2013 12:13:28 : [DEBUG] [Protocol] [SendTrame] System.Byte[]
05/04/2013 12:13:28 : [DEBUG] [messageBuilder] [createMessage] (Source :0, Destination :0, Numéro :33, Longeur :1, crc :05D2 , 
data :	 ,61)
05/04/2013 12:13:28 : [DEBUG] [messageBuilder] [createMessage] (Source :0, Destination :0, Numéro :34, Longeur :1, crc :05EE , 
data :	 ,61)
05/04/2013 12:13:28 : [DEBUG] [messageBuilder] [createMessage] (Source :0, Destination :0, Numéro :35, Longeur :1, crc :85F9 , 
data :	 ,61)
05/04/2013 12:13:28 : [DEBUG] [messageBuilder] [createMessage] (Source :0, Destination :0, Numéro :36, Longeur :1, crc :0596 , 
data :	 ,61)
05/04/2013 12:13:28 : [DEBUG] [messageBuilder] [createMessage] (Source :0, Destination :0, Numéro :37, Longeur :1, crc :8581 , 
data :	 ,61)
05/04/2013 12:13:28 : [DEBUG] [messageBuilder] [createMessage] (Source :0, Destination :0, Numéro :38, Longeur :1, crc :85BD , 
data :	 ,61)
05/04/2013 12:13:29 : [DEBUG] [messageBuilder] [createMessage] (Source :0, Destination :0, Numéro :39, Longeur :1, crc :05AA , 
data :	 ,61)
05/04/2013 12:13:29 : [DEBUG] [Protocol] [SendTrame] System.Byte[]
05/04/2013 12:13:29 : [DEBUG] [Protocol] [SendTrame] System.Byte[]
05/04/2013 12:13:29 : [DEBUG] [Protocol] [SendTrame] System.Byte[]
05/04/2013 12:13:29 : [DEBUG] [Protocol] [SendTrame] System.Byte[]
05/04/2013 12:13:29 : [DEBUG] [Protocol] [SendTrame] System.Byte[]
05/04/2013 12:13:29 : [DEBUG] [Protocol] [SendTrame] System.Byte[]
05/04/2013 12:13:29 : [DEBUG] [Protocol] [SendTrame] System.Byte[]
05/04/2013 12:13:29 : [DEBUG] [messageBuilder] [createMessage] (Source :0, Destination :0, Numéro :40, Longeur :1, crc :0566 , 
data :	 ,61)
05/04/2013 12:13:29 : [DEBUG] [messageBuilder] [createMessage] (Source :0, Destination :0, Numéro :41, Longeur :1, crc :8571 , 
data :	 ,61)
05/04/2013 12:13:29 : [DEBUG] [messageBuilder] [createMessage] (Source :0, Destination :0, Numéro :42, Longeur :1, crc :854D , 
data :	 ,61)
05/04/2013 12:13:30 : [DEBUG] [Protocol] [SendTrame] System.Byte[]
05/04/2013 12:13:30 : [DEBUG] [Protocol] [SendTrame] System.Byte[]
05/04/2013 12:13:30 : [DEBUG] [Protocol] [SendTrame] System.Byte[]
05/04/2013 12:13:36 : [DEBUG] [messageBuilder] [createMessage] (Source :0, Destination :0, Numéro :43, Longeur :1, crc :055A , 
data :	 ,61)
05/04/2013 12:13:36 : [DEBUG] [messageBuilder] [createMessage] (Source :0, Destination :0, Numéro :44, Longeur :1, crc :8535 , 
data :	 ,61)
05/04/2013 12:13:37 : [DEBUG] [Protocol] [SendTrame] System.Byte[]
05/04/2013 12:13:37 : [DEBUG] [Protocol] [SendTrame] System.Byte[]
05/04/2013 12:13:38 : [DEBUG] [messageBuilder] [createMessage] (Source :0, Destination :0, Numéro :45, Longeur :1, crc :0522 , 
data :	 ,61)
05/04/2013 12:13:39 : [DEBUG] [Protocol] [SendTrame] System.Byte[]
05/04/2013 12:13:40 : [DEBUG] [messageBuilder] [createMessage] (Source :0, Destination :0, Numéro :46, Longeur :1, crc :051E , 
data :	 ,61)
05/04/2013 12:13:40 : [DEBUG] [Protocol] [SendTrame] System.Byte[]
05/04/2013 12:13:41 : [DEBUG] [messageBuilder] [createMessage] (Source :0, Destination :0, Numéro :47, Longeur :1, crc :8509 , 
data :	 ,61)
05/04/2013 12:13:41 : [DEBUG] [messageBuilder] [createMessage] (Source :0, Destination :0, Numéro :48, Longeur :1, crc :0486 , 
data :	 ,61)
05/04/2013 12:13:41 : [DEBUG] [Protocol] [SendTrame] System.Byte[]
05/04/2013 12:13:41 : [DEBUG] [Protocol] [SendTrame] System.Byte[]
05/04/2013 12:13:42 : [DEBUG] [messageBuilder] [createMessage] (Source :0, Destination :0, Numéro :49, Longeur :1, crc :8491 , 
data :	 ,61)
05/04/2013 12:13:42 : [DEBUG] [messageBuilder] [createMessage] (Source :0, Destination :0, Numéro :50, Longeur :1, crc :84AD , 
data :	 ,61)
05/04/2013 12:13:42 : [DEBUG] [messageBuilder] [createMessage] (Source :0, Destination :0, Numéro :51, Longeur :1, crc :04BA , 
data :	 ,61)
05/04/2013 12:13:42 : [DEBUG] [messageBuilder] [createMessage] (Source :0, Destination :0, Numéro :52, Longeur :1, crc :84D5 , 
data :	 ,61)
05/04/2013 12:13:43 : [DEBUG] [Protocol] [SendTrame] System.Byte[]
05/04/2013 12:13:43 : [DEBUG] [Protocol] [SendTrame] System.Byte[]
05/04/2013 12:13:43 : [DEBUG] [Protocol] [SendTrame] System.Byte[]
05/04/2013 12:13:43 : [DEBUG] [Protocol] [SendTrame] System.Byte[]
05/04/2013 12:16:21 : [DEBUG] [SerialXbee] [StartListenSerial] Openning Serial Port
05/04/2013 12:16:21 : [DEBUG] [SerialXbee] [StartListenSerial] Starting Sending thread
05/04/2013 12:16:22 : [DEBUG] [messageBuilder] [createMessage] (Source :0, Destination :0, Numéro :0, Longeur :4, crc :0809 , 
data :	 ,52	 ,01	 ,50	 ,50)
05/04/2013 12:16:22 : [DEBUG] [Protocol] [SendTrame] System.Byte[]
05/04/2013 12:16:24 : [DEBUG] [messageBuilder] [createMessage] (Source :0, Destination :0, Numéro :1, Longeur :3, crc :BFF3 , 
data :	 ,51	 ,01	 ,5A)
05/04/2013 12:16:24 : [DEBUG] [Protocol] [SendTrame] System.Byte[]
05/04/2013 12:16:25 : [DEBUG] [messageBuilder] [createMessage] (Source :0, Destination :0, Numéro :2, Longeur :4, crc :F81D , 
data :	 ,52	 ,00	 ,50	 ,50)
05/04/2013 12:16:25 : [DEBUG] [Protocol] [SendTrame] System.Byte[]
05/04/2013 12:16:26 : [DEBUG] [messageBuilder] [createMessage] (Source :0, Destination :0, Numéro :3, Longeur :3, crc :B903 , 
data :	 ,51	 ,00	 ,5A)
05/04/2013 12:16:26 : [DEBUG] [Protocol] [SendTrame] System.Byte[]
05/04/2013 12:16:27 : [DEBUG] [messageBuilder] [createMessage] (Source :0, Destination :0, Numéro :4, Longeur :4, crc :E80F , 
data :	 ,52	 ,01	 ,50	 ,50)
05/04/2013 12:16:27 : [DEBUG] [Protocol] [SendTrame] System.Byte[]
05/04/2013 12:16:27 : [DEBUG] [messageBuilder] [createMessage] (Source :0, Destination :0, Numéro :5, Longeur :3, crc :3E10 , 
data :	 ,51	 ,01	 ,5A)
05/04/2013 12:16:27 : [DEBUG] [Protocol] [SendTrame] System.Byte[]
05/04/2013 12:16:28 : [DEBUG] [messageBuilder] [createMessage] (Source :0, Destination :0, Numéro :6, Longeur :4, crc :181B , 
data :	 ,52	 ,00	 ,50	 ,50)
05/04/2013 12:16:28 : [DEBUG] [Protocol] [SendTrame] System.Byte[]
05/04/2013 12:16:29 : [DEBUG] [messageBuilder] [createMessage] (Source :0, Destination :0, Numéro :7, Longeur :3, crc :38E0 , 
data :	 ,51	 ,00	 ,5A)
05/04/2013 12:16:29 : [DEBUG] [Protocol] [SendTrame] System.Byte[]
05/04/2013 12:16:29 : [DEBUG] [messageBuilder] [createMessage] (Source :0, Destination :0, Numéro :8, Longeur :3, crc :BC4B , 
data :	 ,51	 ,01	 ,5A)
05/04/2013 12:16:29 : [DEBUG] [Protocol] [SendTrame] System.Byte[]
05/04/2013 12:16:30 : [DEBUG] [messageBuilder] [createMessage] (Source :0, Destination :0, Numéro :9, Longeur :4, crc :B003 , 
data :	 ,52	 ,01	 ,50	 ,50)
05/04/2013 12:16:30 : [DEBUG] [Protocol] [SendTrame] System.Byte[]
05/04/2013 12:16:30 : [DEBUG] [messageBuilder] [createMessage] (Source :0, Destination :0, Numéro :10, Longeur :4, crc :B814 , 
data :	 ,52	 ,00	 ,50	 ,50)
05/04/2013 12:16:30 : [DEBUG] [Protocol] [SendTrame] System.Byte[]
05/04/2013 12:16:39 : [DEBUG] [messageBuilder] [createMessage] (Source :0, Destination :0, Numéro :11, Longeur :4, crc :C000 , 
data :	 ,52	 ,01	 ,50	 ,50)
05/04/2013 12:16:39 : [DEBUG] [Protocol] [SendTrame] System.Byte[]
05/04/2013 12:16:39 : [DEBUG] [messageBuilder] [createMessage] (Source :0, Destination :0, Numéro :12, Longeur :4, crc :2811 , 
data :	 ,52	 ,00	 ,50	 ,50)
05/04/2013 12:16:39 : [DEBUG] [Protocol] [SendTrame] System.Byte[]
05/04/2013 12:16:40 : [DEBUG] [messageBuilder] [createMessage] (Source :0, Destination :0, Numéro :13, Longeur :3, crc :BDD3 , 
data :	 ,51	 ,01	 ,5A)
05/04/2013 12:16:40 : [DEBUG] [Protocol] [SendTrame] System.Byte[]
05/04/2013 12:16:40 : [DEBUG] [messageBuilder] [createMessage] (Source :0, Destination :0, Numéro :14, Longeur :3, crc :3B58 , 
data :	 ,51	 ,00	 ,5A)
05/04/2013 12:16:40 : [DEBUG] [Protocol] [SendTrame] System.Byte[]
05/04/2013 12:16:41 : [DEBUG] [messageBuilder] [createMessage] (Source :0, Destination :0, Numéro :15, Longeur :1, crc :078A , 
data :	 ,61)
05/04/2013 12:16:41 : [DEBUG] [Protocol] [SendTrame] System.Byte[]
05/04/2013 12:16:41 : [DEBUG] [messageBuilder] [createMessage] (Source :0, Destination :0, Numéro :16, Longeur :1, crc :860F , 
data :	 ,62)
05/04/2013 12:16:41 : [DEBUG] [Protocol] [SendTrame] System.Byte[]
05/04/2013 12:18:03 : [DEBUG] [SerialXbee] [StartListenSerial] Openning Serial Port
05/04/2013 12:18:03 : [DEBUG] [SerialXbee] [StartListenSerial] Starting Sending thread
05/04/2013 12:20:15 : [DEBUG] [SerialXbee] [StartListenSerial] Openning Serial Port
05/04/2013 12:20:15 : [DEBUG] [SerialXbee] [StartListenSerial] Starting Sending thread
05/04/2013 12:20:16 : [DEBUG] [SerialXbee] [StopListenSerial] Ending Sending thread
05/04/2013 12:20:16 : [DEBUG] [SerialXbee] [StopListenSerial] Closing Serial Port
05/04/2013 12:20:21 : [DEBUG] [SerialXbee] [StopListenSerial] Ending Sending thread
05/04/2013 12:20:21 : [DEBUG] [SerialXbee] [StopListenSerial] Closing Serial Port
05/04/2013 12:20:34 : [DEBUG] [SerialXbee] [StartListenSerial] Openning Serial Port
05/04/2013 12:20:34 : [DEBUG] [SerialXbee] [StartListenSerial] Starting Sending thread
05/04/2013 12:20:36 : [DEBUG] [SerialXbee] [StopListenSerial] Ending Sending thread
05/04/2013 12:20:36 : [DEBUG] [SerialXbee] [StopListenSerial] Closing Serial Port
05/04/2013 12:20:38 : [DEBUG] [SerialXbee] [StopListenSerial] Ending Sending thread
05/04/2013 12:20:38 : [DEBUG] [SerialXbee] [StopListenSerial] Closing Serial Port
05/04/2013 12:20:46 : [DEBUG] [SerialXbee] [StartListenSerial] Openning Serial Port
05/04/2013 12:20:46 : [DEBUG] [SerialXbee] [StartListenSerial] Starting Sending thread
05/04/2013 12:20:49 : [DEBUG] [SerialXbee] [StopListenSerial] Ending Sending thread
05/04/2013 12:20:49 : [DEBUG] [SerialXbee] [StopListenSerial] Closing Serial Port
05/04/2013 12:20:50 : [DEBUG] [SerialXbee] [StopListenSerial] Ending Sending thread
05/04/2013 12:20:50 : [DEBUG] [SerialXbee] [StopListenSerial] Closing Serial Port
05/04/2013 12:20:56 : [DEBUG] [SerialXbee] [StartListenSerial] Openning Serial Port
05/04/2013 12:20:56 : [DEBUG] [SerialXbee] [StartListenSerial] Starting Sending thread
05/04/2013 12:21:00 : [DEBUG] [messageBuilder] [createMessage] (Source :0, Destination :0, Numéro :0, Longeur :4, crc :0809 , 
data :	 ,52	 ,01	 ,50	 ,50)
05/04/2013 12:21:00 : [DEBUG] [Protocol] [SendTrame] System.Byte[]
05/04/2013 12:21:00 : [DEBUG] [messageBuilder] [createMessage] (Source :0, Destination :0, Numéro :1, Longeur :4, crc :701D , 
data :	 ,52	 ,00	 ,50	 ,50)
05/04/2013 12:21:00 : [DEBUG] [Protocol] [SendTrame] System.Byte[]
05/04/2013 12:21:00 : [DEBUG] [messageBuilder] [createMessage] (Source :0, Destination :0, Numéro :2, Longeur :3, crc :BF7B , 
data :	 ,51	 ,01	 ,5A)
05/04/2013 12:21:01 : [DEBUG] [Protocol] [SendTrame] System.Byte[]
05/04/2013 12:21:01 : [DEBUG] [messageBuilder] [createMessage] (Source :0, Destination :0, Numéro :3, Longeur :3, crc :B903 , 
data :	 ,51	 ,00	 ,5A)
05/04/2013 12:21:01 : [DEBUG] [Protocol] [SendTrame] System.Byte[]
05/04/2013 12:21:05 : [DEBUG] [SerialXbee] [StopListenSerial] Ending Sending thread
05/04/2013 12:21:05 : [DEBUG] [SerialXbee] [StopListenSerial] Closing Serial Port
05/04/2013 12:21:05 : [DEBUG] [SerialXbee] [StopListenSerial] Ending Sending thread
05/04/2013 12:21:05 : [DEBUG] [SerialXbee] [StopListenSerial] Closing Serial Port
05/04/2013 12:30:22 : [DEBUG] [SerialXbee] [StopListenSerial] Ending Sending thread
05/04/2013 12:30:22 : [ERROR] [SerialXbee] [StopListenSerial] Error Closing Serial Port: La référence d'objet n'est pas définie à une instance d'un objet.
05/04/2013 12:30:22 : [DEBUG] [SerialXbee] [StopListenSerial] Ending Sending thread
05/04/2013 12:30:22 : [ERROR] [SerialXbee] [StopListenSerial] Error Closing Serial Port: La référence d'objet n'est pas définie à une instance d'un objet.
05/04/2013 15:37:27 : [DEBUG] [SerialXbee] [StopListenSerial] Ending Sending thread
05/04/2013 15:37:27 : [ERROR] [SerialXbee] [StopListenSerial] Error Closing Serial Port: La référence d'objet n'est pas définie à une instance d'un objet.
05/04/2013 15:37:27 : [DEBUG] [SerialXbee] [StopListenSerial] Ending Sending thread
05/04/2013 15:37:27 : [ERROR] [SerialXbee] [StopListenSerial] Error Closing Serial Port: La référence d'objet n'est pas définie à une instance d'un objet.
05/04/2013 15:41:54 : [DEBUG] [SerialXbee] [StartListenSerial] Openning Serial Port
05/04/2013 15:41:54 : [DEBUG] [SerialXbee] [StartListenSerial] Starting Sending thread
05/04/2013 15:41:54 : [DEBUG] [messageBuilder] [createMessage] (Source :0, Destination :0, Numéro :0, Longeur :4, crc :0809 , 
data :	 ,52	 ,01	 ,50	 ,50)
05/04/2013 15:41:55 : [DEBUG] [Protocol] [SendTrame] System.Byte[]
05/04/2013 15:43:25 : [DEBUG] [SerialXbee] [StartListenSerial] Openning Serial Port
05/04/2013 15:43:25 : [DEBUG] [SerialXbee] [StartListenSerial] Starting Sending thread
05/04/2013 15:43:29 : [DEBUG] [messageBuilder] [createMessage] (Source :0, Destination :0, Numéro :0, Longeur :4, crc :0809 , 
data :	 ,52	 ,01	 ,50	 ,50)
05/04/2013 15:43:29 : [DEBUG] [Protocol] [SendTrame] System.Byte[]
05/04/2013 15:44:18 : [DEBUG] [messageBuilder] [createMessage] (Source :0, Destination :0, Numéro :1, Longeur :3, crc :BFF3 , 
data :	 ,51	 ,01	 ,5A)
05/04/2013 15:44:18 : [DEBUG] [Protocol] [SendTrame] System.Byte[]
05/04/2013 15:44:20 : [DEBUG] [messageBuilder] [createMessage] (Source :0, Destination :0, Numéro :2, Longeur :3, crc :BF7B , 
data :	 ,51	 ,01	 ,5A)
05/04/2013 15:44:20 : [DEBUG] [Protocol] [SendTrame] System.Byte[]
05/04/2013 15:44:21 : [DEBUG] [messageBuilder] [createMessage] (Source :0, Destination :0, Numéro :3, Longeur :3, crc :3F00 , 
data :	 ,51	 ,01	 ,5A)
05/04/2013 15:44:21 : [DEBUG] [Protocol] [SendTrame] System.Byte[]
05/04/2013 15:44:38 : [DEBUG] [SerialXbee] [StopListenSerial] Ending Sending thread
05/04/2013 15:44:38 : [DEBUG] [SerialXbee] [StopListenSerial] Closing Serial Port
05/04/2013 15:45:47 : [DEBUG] [SerialXbee] [StartListenSerial] Openning Serial Port
05/04/2013 15:45:47 : [DEBUG] [SerialXbee] [StartListenSerial] Starting Sending thread
05/04/2013 15:45:48 : [DEBUG] [messageBuilder] [createMessage] (Source :0, Destination :0, Numéro :4, Longeur :4, crc :E80F , 
data :	 ,52	 ,01	 ,50	 ,50)
05/04/2013 15:45:48 : [DEBUG] [Protocol] [SendTrame] System.Byte[]
05/04/2013 15:45:48 : [DEBUG] [SerialXbee] [_PortSerie_DataReceived] _PortSerie_DataReceived
05/04/2013 15:49:14 : [DEBUG] [SerialXbee] [StartListenSerial] Openning Serial Port
05/04/2013 15:49:14 : [DEBUG] [SerialXbee] [StartListenSerial] Starting Sending thread
05/04/2013 15:49:19 : [DEBUG] [messageBuilder] [createMessage] (Source :0, Destination :0, Numéro :0, Longeur :4, crc :0809 , 
data :	 ,52	 ,01	 ,50	 ,50)
05/04/2013 15:49:19 : [DEBUG] [Protocol] [SendTrame] System.Byte[]
05/04/2013 15:49:20 : [DEBUG] [messageBuilder] [createMessage] (Source :0, Destination :0, Numéro :1, Longeur :3, crc :BFF3 , 
data :	 ,51	 ,01	 ,5A)
05/04/2013 15:49:20 : [DEBUG] [Protocol] [SendTrame] System.Byte[]
05/04/2013 15:49:21 : [DEBUG] [messageBuilder] [createMessage] (Source :0, Destination :0, Numéro :2, Longeur :4, crc :F81D , 
data :	 ,52	 ,00	 ,50	 ,50)
05/04/2013 15:49:21 : [DEBUG] [Protocol] [SendTrame] System.Byte[]
05/04/2013 15:49:21 : [DEBUG] [messageBuilder] [createMessage] (Source :0, Destination :0, Numéro :3, Longeur :3, crc :B903 , 
data :	 ,51	 ,00	 ,5A)
05/04/2013 15:49:21 : [DEBUG] [Protocol] [SendTrame] System.Byte[]
05/04/2013 15:49:22 : [DEBUG] [messageBuilder] [createMessage] (Source :0, Destination :0, Numéro :4, Longeur :4, crc :6818 , 
data :	 ,52	 ,00	 ,50	 ,50)
05/04/2013 15:49:22 : [DEBUG] [Protocol] [SendTrame] System.Byte[]
05/04/2013 15:49:22 : [DEBUG] [messageBuilder] [createMessage] (Source :0, Destination :0, Numéro :5, Longeur :1, crc :0708 , 
data :	 ,62)
05/04/2013 15:49:22 : [DEBUG] [Protocol] [SendTrame] System.Byte[]
05/04/2013 15:49:23 : [DEBUG] [messageBuilder] [createMessage] (Source :0, Destination :0, Numéro :6, Longeur :1, crc :073E , 
data :	 ,61)
05/04/2013 15:49:23 : [DEBUG] [Protocol] [SendTrame] System.Byte[]
05/04/2013 15:49:23 : [DEBUG] [messageBuilder] [createMessage] (Source :0, Destination :0, Numéro :7, Longeur :4, crc :E018 , 
data :	 ,52	 ,00	 ,50	 ,50)
05/04/2013 15:49:23 : [DEBUG] [Protocol] [SendTrame] System.Byte[]
05/04/2013 15:49:23 : [DEBUG] [messageBuilder] [createMessage] (Source :0, Destination :0, Numéro :8, Longeur :4, crc :4800 , 
data :	 ,52	 ,01	 ,50	 ,50)
05/04/2013 15:49:23 : [DEBUG] [Protocol] [SendTrame] System.Byte[]
05/04/2013 15:49:24 : [DEBUG] [messageBuilder] [createMessage] (Source :0, Destination :0, Numéro :9, Longeur :3, crc :3C30 , 
data :	 ,51	 ,01	 ,5A)
05/04/2013 15:49:24 : [DEBUG] [Protocol] [SendTrame] System.Byte[]
05/04/2013 15:49:24 : [DEBUG] [messageBuilder] [createMessage] (Source :0, Destination :0, Numéro :10, Longeur :3, crc :BABB , 
data :	 ,51	 ,00	 ,5A)
05/04/2013 15:49:24 : [DEBUG] [Protocol] [SendTrame] System.Byte[]
05/04/2013 15:49:24 : [DEBUG] [messageBuilder] [createMessage] (Source :0, Destination :0, Numéro :11, Longeur :4, crc :4017 , 
data :	 ,52	 ,00	 ,50	 ,50)
05/04/2013 15:49:25 : [DEBUG] [Protocol] [SendTrame] System.Byte[]
05/04/2013 15:49:25 : [DEBUG] [messageBuilder] [createMessage] (Source :0, Destination :0, Numéro :12, Longeur :4, crc :A806 , 
data :	 ,52	 ,01	 ,50	 ,50)
05/04/2013 15:49:25 : [DEBUG] [Protocol] [SendTrame] System.Byte[]
05/04/2013 15:49:26 : [DEBUG] [messageBuilder] [createMessage] (Source :0, Destination :0, Numéro :13, Longeur :1, crc :87A1 , 
data :	 ,61)
05/04/2013 15:49:26 : [DEBUG] [Protocol] [SendTrame] System.Byte[]
05/04/2013 15:49:26 : [DEBUG] [messageBuilder] [createMessage] (Source :0, Destination :0, Numéro :14, Longeur :1, crc :8797 , 
data :	 ,62)
05/04/2013 15:49:26 : [DEBUG] [Protocol] [SendTrame] System.Byte[]
05/04/2013 15:49:27 : [DEBUG] [messageBuilder] [createMessage] (Source :0, Destination :0, Numéro :15, Longeur :4, crc :2006 , 
data :	 ,52	 ,01	 ,50	 ,50)
05/04/2013 15:49:27 : [DEBUG] [Protocol] [SendTrame] System.Byte[]
05/04/2013 15:49:28 : [DEBUG] [messageBuilder] [createMessage] (Source :0, Destination :0, Numéro :16, Longeur :3, crc :B80B , 
data :	 ,51	 ,01	 ,5A)
05/04/2013 15:49:28 : [DEBUG] [Protocol] [SendTrame] System.Byte[]
05/04/2013 15:49:28 : [DEBUG] [messageBuilder] [createMessage] (Source :0, Destination :0, Numéro :17, Longeur :3, crc :BE73 , 
data :	 ,51	 ,00	 ,5A)
05/04/2013 15:49:28 : [DEBUG] [Protocol] [SendTrame] System.Byte[]
05/04/2013 15:49:29 : [DEBUG] [messageBuilder] [createMessage] (Source :0, Destination :0, Numéro :18, Longeur :4, crc :780F , 
data :	 ,52	 ,00	 ,50	 ,50)
05/04/2013 15:49:29 : [DEBUG] [Protocol] [SendTrame] System.Byte[]
05/04/2013 15:49:29 : [DEBUG] [messageBuilder] [createMessage] (Source :0, Destination :0, Numéro :19, Longeur :4, crc :001B , 
data :	 ,52	 ,01	 ,50	 ,50)
05/04/2013 15:49:29 : [DEBUG] [Protocol] [SendTrame] System.Byte[]
05/04/2013 15:49:49 : [DEBUG] [SerialXbee] [StopListenSerial] Ending Sending thread
05/04/2013 15:49:49 : [DEBUG] [SerialXbee] [StopListenSerial] Closing Serial Port
05/04/2013 15:49:51 : [DEBUG] [SerialXbee] [StartListenSerial] Openning Serial Port
05/04/2013 15:49:51 : [DEBUG] [SerialXbee] [StartListenSerial] Starting Sending thread
05/04/2013 15:49:53 : [DEBUG] [messageBuilder] [createMessage] (Source :0, Destination :0, Numéro :20, Longeur :4, crc :681D , 
data :	 ,52	 ,01	 ,50	 ,50)
05/04/2013 15:49:53 : [DEBUG] [Protocol] [SendTrame] System.Byte[]
05/04/2013 15:49:53 : [DEBUG] [messageBuilder] [createMessage] (Source :0, Destination :0, Numéro :21, Longeur :4, crc :1009 , 
data :	 ,52	 ,00	 ,50	 ,50)
05/04/2013 15:49:53 : [DEBUG] [Protocol] [SendTrame] System.Byte[]
05/04/2013 15:49:54 : [DEBUG] [messageBuilder] [createMessage] (Source :0, Destination :0, Numéro :22, Longeur :4, crc :9809 , 
data :	 ,52	 ,00	 ,50	 ,50)
05/04/2013 15:49:55 : [DEBUG] [Protocol] [SendTrame] System.Byte[]
05/04/2013 15:49:55 : [DEBUG] [messageBuilder] [createMessage] (Source :0, Destination :0, Numéro :23, Longeur :3, crc :3960 , 
data :	 ,51	 ,01	 ,5A)
05/04/2013 15:49:55 : [DEBUG] [Protocol] [SendTrame] System.Byte[]
05/04/2013 15:49:55 : [DEBUG] [messageBuilder] [createMessage] (Source :0, Destination :0, Numéro :24, Longeur :3, crc :BDCB , 
data :	 ,51	 ,00	 ,5A)
05/04/2013 15:49:55 : [DEBUG] [Protocol] [SendTrame] System.Byte[]
05/04/2013 15:49:56 : [DEBUG] [messageBuilder] [createMessage] (Source :0, Destination :0, Numéro :25, Longeur :4, crc :B006 , 
data :	 ,52	 ,00	 ,50	 ,50)
05/04/2013 15:49:56 : [DEBUG] [Protocol] [SendTrame] System.Byte[]
05/04/2013 15:49:57 : [DEBUG] [messageBuilder] [createMessage] (Source :0, Destination :0, Numéro :26, Longeur :4, crc :B811 , 
data :	 ,52	 ,01	 ,50	 ,50)
05/04/2013 15:49:57 : [DEBUG] [Protocol] [SendTrame] System.Byte[]
05/04/2013 15:57:32 : [DEBUG] [SerialXbee] [StopListenSerial] Ending Sending thread
05/04/2013 15:57:32 : [DEBUG] [SerialXbee] [StopListenSerial] Closing Serial Port
05/04/2013 15:57:33 : [DEBUG] [SerialXbee] [StartListenSerial] Openning Serial Port
05/04/2013 15:57:33 : [DEBUG] [SerialXbee] [StartListenSerial] Starting Sending thread
05/04/2013 15:57:34 : [DEBUG] [messageBuilder] [createMessage] (Source :0, Destination :0, Numéro :27, Longeur :3, crc :BD43 , 
data :	 ,51	 ,00	 ,5A)
05/04/2013 15:57:34 : [DEBUG] [Protocol] [SendTrame] System.Byte[]
05/04/2013 15:57:35 : [DEBUG] [messageBuilder] [createMessage] (Source :0, Destination :0, Numéro :28, Longeur :4, crc :A803 , 
data :	 ,52	 ,00	 ,50	 ,50)
05/04/2013 15:57:35 : [DEBUG] [Protocol] [SendTrame] System.Byte[]
05/04/2013 15:57:35 : [DEBUG] [messageBuilder] [createMessage] (Source :0, Destination :0, Numéro :29, Longeur :4, crc :D017 , 
data :	 ,52	 ,01	 ,50	 ,50)
05/04/2013 15:57:35 : [DEBUG] [Protocol] [SendTrame] System.Byte[]
05/04/2013 15:57:36 : [DEBUG] [messageBuilder] [createMessage] (Source :0, Destination :0, Numéro :30, Longeur :3, crc :3AD8 , 
data :	 ,51	 ,01	 ,5A)
05/04/2013 15:57:36 : [DEBUG] [Protocol] [SendTrame] System.Byte[]
05/04/2013 15:57:36 : [DEBUG] [messageBuilder] [createMessage] (Source :0, Destination :0, Numéro :31, Longeur :4, crc :2003 , 
data :	 ,52	 ,00	 ,50	 ,50)
05/04/2013 15:57:36 : [DEBUG] [Protocol] [SendTrame] System.Byte[]
05/04/2013 15:57:36 : [DEBUG] [messageBuilder] [createMessage] (Source :0, Destination :0, Numéro :32, Longeur :4, crc :8828 , 
data :	 ,52	 ,01	 ,50	 ,50)
05/04/2013 15:57:37 : [DEBUG] [Protocol] [SendTrame] System.Byte[]
05/04/2013 15:57:37 : [DEBUG] [messageBuilder] [createMessage] (Source :0, Destination :0, Numéro :33, Longeur :3, crc :B6F3 , 
data :	 ,51	 ,00	 ,5A)
05/04/2013 15:57:37 : [DEBUG] [Protocol] [SendTrame] System.Byte[]
05/04/2013 15:57:37 : [DEBUG] [messageBuilder] [createMessage] (Source :0, Destination :0, Numéro :34, Longeur :4, crc :783C , 
data :	 ,52	 ,00	 ,50	 ,50)
05/04/2013 15:57:37 : [DEBUG] [Protocol] [SendTrame] System.Byte[]
05/04/2013 15:57:38 : [DEBUG] [messageBuilder] [createMessage] (Source :0, Destination :0, Numéro :35, Longeur :4, crc :0028 , 
data :	 ,52	 ,01	 ,50	 ,50)
05/04/2013 15:57:38 : [DEBUG] [Protocol] [SendTrame] System.Byte[]
05/04/2013 15:57:38 : [DEBUG] [SerialXbee] [StopListenSerial] Ending Sending thread
05/04/2013 15:57:38 : [DEBUG] [SerialXbee] [StopListenSerial] Closing Serial Port
05/04/2013 15:57:39 : [DEBUG] [SerialXbee] [StartListenSerial] Openning Serial Port
05/04/2013 15:57:39 : [DEBUG] [SerialXbee] [StartListenSerial] Starting Sending thread
05/04/2013 15:57:40 : [DEBUG] [messageBuilder] [createMessage] (Source :0, Destination :0, Numéro :36, Longeur :4, crc :E839 , 
data :	 ,52	 ,00	 ,50	 ,50)
05/04/2013 15:57:40 : [DEBUG] [Protocol] [SendTrame] System.Byte[]
05/04/2013 15:57:40 : [DEBUG] [messageBuilder] [createMessage] (Source :0, Destination :0, Numéro :37, Longeur :4, crc :902D , 
data :	 ,52	 ,01	 ,50	 ,50)
05/04/2013 15:57:40 : [DEBUG] [Protocol] [SendTrame] System.Byte[]
05/04/2013 15:57:40 : [DEBUG] [messageBuilder] [createMessage] (Source :0, Destination :0, Numéro :38, Longeur :3, crc :3798 , 
data :	 ,51	 ,00	 ,5A)
05/04/2013 15:57:40 : [DEBUG] [Protocol] [SendTrame] System.Byte[]
05/04/2013 15:57:41 : [DEBUG] [messageBuilder] [createMessage] (Source :0, Destination :0, Numéro :39, Longeur :4, crc :6039 , 
data :	 ,52	 ,00	 ,50	 ,50)
05/04/2013 15:57:41 : [DEBUG] [Protocol] [SendTrame] System.Byte[]
05/04/2013 15:57:41 : [DEBUG] [messageBuilder] [createMessage] (Source :0, Destination :0, Numéro :40, Longeur :4, crc :C821 , 
data :	 ,52	 ,01	 ,50	 ,50)
05/04/2013 15:57:41 : [DEBUG] [Protocol] [SendTrame] System.Byte[]
05/04/2013 15:57:42 : [DEBUG] [SerialXbee] [StopListenSerial] Ending Sending thread
05/04/2013 15:57:42 : [DEBUG] [SerialXbee] [StopListenSerial] Closing Serial Port
05/04/2013 15:57:43 : [DEBUG] [SerialXbee] [StartListenSerial] Openning Serial Port
05/04/2013 15:57:43 : [DEBUG] [SerialXbee] [StartListenSerial] Starting Sending thread
05/04/2013 15:57:44 : [DEBUG] [messageBuilder] [createMessage] (Source :0, Destination :0, Numéro :41, Longeur :3, crc :3530 , 
data :	 ,51	 ,00	 ,5A)
05/04/2013 15:57:44 : [DEBUG] [Protocol] [SendTrame] System.Byte[]
05/04/2013 15:57:44 : [DEBUG] [messageBuilder] [createMessage] (Source :0, Destination :0, Numéro :42, Longeur :4, crc :3835 , 
data :	 ,52	 ,00	 ,50	 ,50)
05/04/2013 15:57:44 : [DEBUG] [Protocol] [SendTrame] System.Byte[]
05/04/2013 15:57:44 : [DEBUG] [messageBuilder] [createMessage] (Source :0, Destination :0, Numéro :43, Longeur :4, crc :4021 , 
data :	 ,52	 ,01	 ,50	 ,50)
05/04/2013 15:57:44 : [DEBUG] [Protocol] [SendTrame] System.Byte[]
05/04/2013 15:57:45 : [DEBUG] [messageBuilder] [createMessage] (Source :0, Destination :0, Numéro :44, Longeur :3, crc :B2AB , 
data :	 ,51	 ,01	 ,5A)
05/04/2013 15:57:45 : [DEBUG] [Protocol] [SendTrame] System.Byte[]
05/04/2013 15:57:45 : [DEBUG] [messageBuilder] [createMessage] (Source :0, Destination :0, Numéro :45, Longeur :4, crc :5033 , 
data :	 ,52	 ,00	 ,50	 ,50)
05/04/2013 15:57:45 : [DEBUG] [Protocol] [SendTrame] System.Byte[]
05/04/2013 15:57:45 : [DEBUG] [messageBuilder] [createMessage] (Source :0, Destination :0, Numéro :46, Longeur :4, crc :5824 , 
data :	 ,52	 ,01	 ,50	 ,50)
05/04/2013 15:57:45 : [DEBUG] [Protocol] [SendTrame] System.Byte[]
05/04/2013 15:57:46 : [DEBUG] [messageBuilder] [createMessage] (Source :0, Destination :0, Numéro :47, Longeur :3, crc :3420 , 
data :	 ,51	 ,00	 ,5A)
05/04/2013 15:57:46 : [DEBUG] [Protocol] [SendTrame] System.Byte[]
05/04/2013 15:57:46 : [DEBUG] [messageBuilder] [createMessage] (Source :0, Destination :0, Numéro :48, Longeur :4, crc :882D , 
data :	 ,52	 ,00	 ,50	 ,50)
05/04/2013 15:57:46 : [DEBUG] [Protocol] [SendTrame] System.Byte[]
05/04/2013 15:57:46 : [DEBUG] [messageBuilder] [createMessage] (Source :0, Destination :0, Numéro :49, Longeur :4, crc :F039 , 
data :	 ,52	 ,01	 ,50	 ,50)
05/04/2013 15:57:46 : [DEBUG] [Protocol] [SendTrame] System.Byte[]
05/04/2013 15:57:46 : [DEBUG] [messageBuilder] [createMessage] (Source :0, Destination :0, Numéro :50, Longeur :3, crc :B7FB , 
data :	 ,51	 ,01	 ,5A)
05/04/2013 15:57:47 : [DEBUG] [Protocol] [SendTrame] System.Byte[]
05/04/2013 15:57:47 : [DEBUG] [messageBuilder] [createMessage] (Source :0, Destination :0, Numéro :51, Longeur :4, crc :002D , 
data :	 ,52	 ,00	 ,50	 ,50)
05/04/2013 15:57:47 : [DEBUG] [Protocol] [SendTrame] System.Byte[]
05/04/2013 15:57:47 : [DEBUG] [messageBuilder] [createMessage] (Source :0, Destination :0, Numéro :52, Longeur :4, crc :E83C , 
data :	 ,52	 ,01	 ,50	 ,50)
05/04/2013 15:57:47 : [DEBUG] [Protocol] [SendTrame] System.Byte[]
05/04/2013 15:57:47 : [DEBUG] [messageBuilder] [createMessage] (Source :0, Destination :0, Numéro :53, Longeur :3, crc :B093 , 
data :	 ,51	 ,00	 ,5A)
05/04/2013 15:57:47 : [DEBUG] [Protocol] [SendTrame] System.Byte[]
05/04/2013 15:57:48 : [DEBUG] [messageBuilder] [createMessage] (Source :0, Destination :0, Numéro :54, Longeur :4, crc :1828 , 
data :	 ,52	 ,00	 ,50	 ,50)
05/04/2013 15:57:48 : [DEBUG] [Protocol] [SendTrame] System.Byte[]
05/04/2013 15:57:48 : [DEBUG] [messageBuilder] [createMessage] (Source :0, Destination :0, Numéro :55, Longeur :4, crc :603C , 
data :	 ,52	 ,01	 ,50	 ,50)
05/04/2013 15:57:48 : [DEBUG] [Protocol] [SendTrame] System.Byte[]
05/04/2013 15:57:48 : [DEBUG] [messageBuilder] [createMessage] (Source :0, Destination :0, Numéro :56, Longeur :3, crc :B4CB , 
data :	 ,51	 ,01	 ,5A)
05/04/2013 15:57:48 : [DEBUG] [Protocol] [SendTrame] System.Byte[]
05/04/2013 15:57:49 : [DEBUG] [messageBuilder] [createMessage] (Source :0, Destination :0, Numéro :57, Longeur :4, crc :3027 , 
data :	 ,52	 ,00	 ,50	 ,50)
05/04/2013 15:57:49 : [DEBUG] [Protocol] [SendTrame] System.Byte[]
05/04/2013 15:57:50 : [DEBUG] [messageBuilder] [createMessage] (Source :0, Destination :0, Numéro :58, Longeur :4, crc :B827 , 
data :	 ,52	 ,00	 ,50	 ,50)
05/04/2013 15:57:50 : [DEBUG] [Protocol] [SendTrame] System.Byte[]
05/04/2013 15:57:50 : [DEBUG] [messageBuilder] [createMessage] (Source :0, Destination :0, Numéro :59, Longeur :4, crc :4024 , 
data :	 ,52	 ,00	 ,50	 ,50)
05/04/2013 15:57:50 : [DEBUG] [Protocol] [SendTrame] System.Byte[]
05/04/2013 15:57:51 : [DEBUG] [messageBuilder] [createMessage] (Source :0, Destination :0, Numéro :60, Longeur :4, crc :A835 , 
data :	 ,52	 ,01	 ,50	 ,50)
05/04/2013 15:57:51 : [DEBUG] [Protocol] [SendTrame] System.Byte[]
05/04/2013 15:57:51 : [DEBUG] [messageBuilder] [createMessage] (Source :0, Destination :0, Numéro :61, Longeur :3, crc :3350 , 
data :	 ,51	 ,00	 ,5A)
05/04/2013 15:57:51 : [DEBUG] [Protocol] [SendTrame] System.Byte[]
05/04/2013 15:57:52 : [DEBUG] [messageBuilder] [createMessage] (Source :0, Destination :0, Numéro :62, Longeur :1, crc :845D , 
data :	 ,61)
05/04/2013 15:57:52 : [DEBUG] [Protocol] [SendTrame] System.Byte[]
05/04/2013 15:57:52 : [DEBUG] [messageBuilder] [createMessage] (Source :0, Destination :0, Numéro :63, Longeur :1, crc :0440 , 
data :	 ,62)
05/04/2013 15:57:52 : [DEBUG] [Protocol] [SendTrame] System.Byte[]
05/04/2013 15:58:33 : [DEBUG] [SerialXbee] [StopListenSerial] Ending Sending thread
05/04/2013 15:58:33 : [DEBUG] [SerialXbee] [StopListenSerial] Closing Serial Port
05/04/2013 15:58:33 : [DEBUG] [SerialXbee] [StopListenSerial] Ending Sending thread
05/04/2013 15:58:33 : [DEBUG] [SerialXbee] [StopListenSerial] Closing Serial Port
05/04/2013 15:59:01 : [DEBUG] [SerialXbee] [StartListenSerial] Openning Serial Port
05/04/2013 15:59:01 : [DEBUG] [SerialXbee] [StartListenSerial] Starting Sending thread
05/04/2013 15:59:21 : [DEBUG] [messageBuilder] [createMessage] (Source :0, Destination :0, Numéro :0, Longeur :3, crc :B98B , 
data :	 ,51	 ,00	 ,5A)
05/04/2013 15:59:22 : [DEBUG] [Protocol] [SendTrame] System.Byte[]
05/04/2013 15:59:22 : [DEBUG] [messageBuilder] [createMessage] (Source :0, Destination :0, Numéro :1, Longeur :4, crc :701D , 
data :	 ,52	 ,00	 ,50	 ,50)
05/04/2013 15:59:22 : [DEBUG] [Protocol] [SendTrame] System.Byte[]
05/04/2013 15:59:22 : [DEBUG] [messageBuilder] [createMessage] (Source :0, Destination :0, Numéro :2, Longeur :4, crc :780A , 
data :	 ,52	 ,01	 ,50	 ,50)
05/04/2013 15:59:22 : [DEBUG] [Protocol] [SendTrame] System.Byte[]
05/04/2013 15:59:26 : [DEBUG] [SerialXbee] [StopListenSerial] Ending Sending thread
05/04/2013 15:59:26 : [DEBUG] [SerialXbee] [StopListenSerial] Closing Serial Port
05/04/2013 15:59:26 : [DEBUG] [SerialXbee] [StopListenSerial] Ending Sending thread
05/04/2013 15:59:26 : [DEBUG] [SerialXbee] [StopListenSerial] Closing Serial Port
