La génération a démarré 09/10/2012 21:33:24.
     1>Projet "C:\Users\Brice\Documents\GitHub\LPIE_Robot_Color\pc\OpenCV_Helloworld\OpenCV_Helloworld\OpenCV_Helloworld.vcxproj" sur le nœud 2 (build cible(s)).
     1>InitializeBuildStatus:
         Création de "Debug\OpenCV_Helloworld.unsuccessfulbuild", car "AlwaysCreate" a été spécifié.
       ClCompile:
         C:\Program Files (x86)\Microsoft Visual Studio 10.0\VC\bin\CL.exe /c /ZI /nologo /W3 /WX- /Od /Oy- /D WIN32 /D _DEBUG /D _CONSOLE /D _UNICODE /D UNICODE /Gm /EHsc /RTC1 /MDd /GS /fp:precise /Zc:wchar_t /Zc:forScope /Yc"StdAfx.h" /Fp"Debug\OpenCV_Helloworld.pch" /Fo"Debug\\" /Fd"Debug\vc100.pdb" /Gd /TP /analyze- /errorReport:prompt stdafx.cpp
         stdafx.cpp
         C:\Program Files (x86)\Microsoft Visual Studio 10.0\VC\bin\CL.exe /c /ZI /nologo /W3 /WX- /Od /Oy- /D WIN32 /D _DEBUG /D _CONSOLE /D _UNICODE /D UNICODE /Gm /EHsc /RTC1 /MDd /GS /fp:precise /Zc:wchar_t /Zc:forScope /Yu"StdAfx.h" /Fp"Debug\OpenCV_Helloworld.pch" /Fo"Debug\\" /Fd"Debug\vc100.pdb" /Gd /TP /analyze- /errorReport:prompt OpenCV_Helloworld.cpp
         OpenCV_Helloworld.cpp
     1>c:\users\brice\documents\github\lpie_robot_color\pc\opencv_helloworld\opencv_helloworld\opencv_helloworld.cpp(46): warning C4996: 'sprintf': This function or variable may be unsafe. Consider using sprintf_s instead. To disable deprecation, use _CRT_SECURE_NO_WARNINGS. See online help for details.
                 c:\program files (x86)\microsoft visual studio 10.0\vc\include\stdio.h(371) : voir la déclaration de 'sprintf'
     1>c:\users\brice\documents\github\lpie_robot_color\pc\opencv_helloworld\opencv_helloworld\opencv_helloworld.cpp(42): warning C4700: variable locale 'key' non initialisée utilisée
     1>c:\users\brice\documents\github\lpie_robot_color\pc\opencv_helloworld\opencv_helloworld\opencv_helloworld.cpp(46): warning C4700: variable locale 'last' non initialisée utilisée
       ManifestResourceCompile:
         Toutes les sorties sont à jour.
       Link:
         C:\Program Files (x86)\Microsoft Visual Studio 10.0\VC\bin\link.exe /ERRORREPORT:PROMPT /OUT:"C:\Users\Brice\Documents\GitHub\LPIE_Robot_Color\pc\OpenCV_Helloworld\Debug\OpenCV_Helloworld.exe" /INCREMENTAL /NOLOGO cv210d.lib cxcore210d.lib highgui210d.lib kernel32.lib user32.lib gdi32.lib winspool.lib comdlg32.lib advapi32.lib shell32.lib ole32.lib oleaut32.lib uuid.lib odbc32.lib odbccp32.lib /MANIFEST /ManifestFile:"Debug\OpenCV_Helloworld.exe.intermediate.manifest" /MANIFESTUAC:"level='asInvoker' uiAccess='false'" /DEBUG /PDB:"C:\Users\Brice\Documents\GitHub\LPIE_Robot_Color\pc\OpenCV_Helloworld\Debug\OpenCV_Helloworld.pdb" /SUBSYSTEM:CONSOLE /TLBID:1 /DYNAMICBASE /NXCOMPAT /IMPLIB:"C:\Users\Brice\Documents\GitHub\LPIE_Robot_Color\pc\OpenCV_Helloworld\Debug\OpenCV_Helloworld.lib" /MACHINE:X86 Debug\OpenCV_Helloworld.exe.embed.manifest.res
         Debug\OpenCV_Helloworld.obj
         Debug\stdafx.obj
       Manifest:
         C:\Program Files (x86)\Microsoft SDKs\Windows\v7.0A\bin\mt.exe /nologo /verbose /out:"Debug\OpenCV_Helloworld.exe.embed.manifest" /manifest Debug\OpenCV_Helloworld.exe.intermediate.manifest
         Toutes les sorties sont à jour.
       LinkEmbedManifest:
         Toutes les sorties sont à jour.
         OpenCV_Helloworld.vcxproj -> C:\Users\Brice\Documents\GitHub\LPIE_Robot_Color\pc\OpenCV_Helloworld\Debug\OpenCV_Helloworld.exe
       FinalizeBuildStatus:
         Suppression du fichier "Debug\OpenCV_Helloworld.unsuccessfulbuild".
         Mise à jour de l'horodatage "Debug\OpenCV_Helloworld.lastbuildstate".
     1>Génération du projet "C:\Users\Brice\Documents\GitHub\LPIE_Robot_Color\pc\OpenCV_Helloworld\OpenCV_Helloworld\OpenCV_Helloworld.vcxproj" terminée (build cible(s)).

La génération a réussi.

Temps écoulé 00:00:01.33
