La génération a démarré 09/10/2012 22:50:30.
     1>Projet "C:\Users\Brice\Documents\GitHub\LPIE_Robot_Color\pc\OpenCV_Helloworld\OpenCV_Helloworld\OpenCV_Helloworld.vcxproj" sur le nœud 2 (build cible(s)).
     1>InitializeBuildStatus:
         Création de "Release\OpenCV_Helloworld.unsuccessfulbuild", car "AlwaysCreate" a été spécifié.
       ClCompile:
         Toutes les sorties sont à jour.
         C:\Program Files (x86)\Microsoft Visual Studio 10.0\VC\bin\CL.exe /c /Zi /nologo /W3 /WX- /O2 /Oi /Oy- /GL /D WIN32 /D NDEBUG /D _CONSOLE /D _UNICODE /D UNICODE /Gm- /EHsc /MD /GS /Gy /fp:precise /Zc:wchar_t /Zc:forScope /Yu"StdAfx.h" /Fp"Release\OpenCV_Helloworld.pch" /Fo"Release\\" /Fd"Release\vc100.pdb" /Gd /TP /analyze- /errorReport:prompt OpenCV_Helloworld.cpp
         OpenCV_Helloworld.cpp
     1>OpenCV_Helloworld.cpp(36): warning C4101: 'pixel' : variable locale non référencée
     1>OpenCV_Helloworld.cpp(168): warning C4101: 'hsv' : variable locale non référencée
       Link:
         C:\Program Files (x86)\Microsoft Visual Studio 10.0\VC\bin\link.exe /ERRORREPORT:PROMPT /OUT:"C:\Users\Brice\Documents\GitHub\LPIE_Robot_Color\pc\OpenCV_Helloworld\Release\OpenCV_Helloworld.exe" /INCREMENTAL:NO /NOLOGO /FORCE cv210.lib cxcore210.lib highgui210.lib kernel32.lib user32.lib gdi32.lib winspool.lib comdlg32.lib advapi32.lib shell32.lib ole32.lib oleaut32.lib uuid.lib odbc32.lib odbccp32.lib /MANIFEST /ManifestFile:"Release\OpenCV_Helloworld.exe.intermediate.manifest" /MANIFESTUAC:"level='asInvoker' uiAccess='false'" /DEBUG /PDB:"C:\Users\Brice\Documents\GitHub\LPIE_Robot_Color\pc\OpenCV_Helloworld\Release\OpenCV_Helloworld.pdb" /SUBSYSTEM:CONSOLE /OPT:REF /OPT:ICF /LTCG /TLBID:1 /DYNAMICBASE /NXCOMPAT /IMPLIB:"C:\Users\Brice\Documents\GitHub\LPIE_Robot_Color\pc\OpenCV_Helloworld\Release\OpenCV_Helloworld.lib" /MACHINE:X86 Release\OpenCV_Helloworld.obj
         Release\stdafx.obj
         Génération de code en cours
     1>c:\users\brice\documents\github\lpie_robot_color\pc\opencv_helloworld\opencv_helloworld\opencv_helloworld.cpp(205): warning C4700: variable locale 'key' non initialisée utilisée
         Fin de la génération du code
         OpenCV_Helloworld.vcxproj -> C:\Users\Brice\Documents\GitHub\LPIE_Robot_Color\pc\OpenCV_Helloworld\Release\OpenCV_Helloworld.exe
       Manifest:
         C:\Program Files (x86)\Microsoft SDKs\Windows\v7.0A\bin\mt.exe /nologo /verbose /outputresource:"C:\Users\Brice\Documents\GitHub\LPIE_Robot_Color\pc\OpenCV_Helloworld\Release\OpenCV_Helloworld.exe;#1" /manifest Release\OpenCV_Helloworld.exe.intermediate.manifest
       FinalizeBuildStatus:
         Suppression du fichier "Release\OpenCV_Helloworld.unsuccessfulbuild".
         Mise à jour de l'horodatage "Release\OpenCV_Helloworld.lastbuildstate".
     1>Génération du projet "C:\Users\Brice\Documents\GitHub\LPIE_Robot_Color\pc\OpenCV_Helloworld\OpenCV_Helloworld\OpenCV_Helloworld.vcxproj" terminée (build cible(s)).

La génération a réussi.

Temps écoulé 00:00:00.87
